#
# A fatal error has been detected by the Java Runtime Environment:
#
#  SIGSEGV (0xb) at pc=0x0000000108281476, pid=2460, tid=0x0000000000001b03
#
# JRE version: Java(TM) SE Runtime Environment (8.0_181-b13) (build 1.8.0_181-b13)
# Java VM: Java HotSpot(TM) 64-Bit Server VM (25.181-b13 mixed mode bsd-amd64 compressed oops)
# Problematic frame:
# J 4590 C2 net.minecraft.client.renderer.RenderBlocks.renderFaceZNeg(Lnet/minecraft/block/Block;DDDLnet/minecraft/util/IIcon;)V (1111 bytes) @ 0x0000000108281476 [0x0000000108280d80+0x6f6]
#
# Failed to write core dump. Core dumps have been disabled. To enable core dumping, try "ulimit -c unlimited" before starting Java again
#
# If you would like to submit a bug report, please visit:
#   http://bugreport.java.com/bugreport/crash.jsp
#

---------------  T H R E A D  ---------------

Current thread (0x00007ffc5c005000):  JavaThread "Client thread" [_thread_in_Java, id=6915, stack(0x0000000107201000,0x0000000107301000)]

siginfo: si_signo: 11 (SIGSEGV), si_code: 1 (SEGV_MAPERR), si_addr: 0x00000008bbc2bfe4

Registers:
RAX=0x0000000796391198, RBX=0x0000000000000000, RCX=0x000000000000007a, RDX=0x0000000000000800
RSP=0x00000001072ffd30, RBP=0x0000000790610d30, RSI=0x0000000795d41398, RDI=0x0000000000000000
R8 =0x0000000000007a00, R9 =0x0000000790610d30, R10=0x00000000f2ba8273, R11=0x00000000ff7a7a7a
R12=0x0000000000000000, R13=0x00000001072ffde8, R14=0x0000000125eeac10, R15=0x00007ffc5c005000
RIP=0x0000000108281476, EFLAGS=0x0000000000010282, ERR=0x0000000000000006
  TRAPNO=0x000000000000000e

Top of Stack: (sp=0x00000001072ffd30)
0x00000001072ffd30:   0000000796391198 437f0000f2ba8273
0x00000001072ffd40:   0000000795d41398 4073660000000000
0x00000001072ffd50:   40841b0000000000 40841d0000000000
0x00000001072ffd60:   4036000000000000 3fb7feb860000000
0x00000001072ffd70:   3fb7feb860000000 4037000000000000
0x00000001072ffd80:   3fe0b00520000000 3fe0cffae0000000
0x00000001072ffd90:   0000000794ef6880 0000028400000000
0x00000001072ffda0:   0000000790610d30 0000000107f29cb4
0x00000001072ffdb0:   3ff0000000000000 000000010730ad00
0x00000001072ffdc0:   3fe4000000000000 0000000000000016
0x00000001072ffdd0:   00000001072ffe70 000000010730b2bd
0x00000001072ffde0:   000000010730b2bd 0000000796391198
0x00000001072ffdf0:   4073600000000000 0000000000000002
0x00000001072ffe00:   4036000000000000 0000000000000016
0x00000001072ffe10:   4084180000000000 0000000790610c90
0x00000001072ffe20:   0000000794efc248 0000000790610d30
0x00000001072ffe30:   00000001072ffe30 000000011c36eed2
0x00000001072ffe40:   00000001072fff70 00000001212a52e0
0x00000001072ffe50:   0000000125eeac10 000000011c370ab0
0x00000001072ffe60:   00000001072ffde8 00000001072fff80
0x00000001072ffe70:   0000000000000000 0000000107f97278
0x00000001072ffe80:   0000000796391198 0000000000000000
0x00000001072ffe90:   0000000000000000 0000000000000004
0x00000001072ffea0:   0000000000000004 000000003f19999a
0x00000001072ffeb0:   000000003f19999a 000000003f4ccccd
0x00000001072ffec0:   000000003f4ccccd 000000003e4ccccc
0x00000001072ffed0:   0000000000000000 0000000000000000
0x00000001072ffee0:   0000000000000000 0000000000000000
0x00000001072ffef0:   0000000000000000 0000000795d41398
0x00000001072fff00:   0000000000000000 0000000000000001
0x00000001072fff10:   000000003f19999a 000000003f19999a
0x00000001072fff20:   000000003f4ccccd 000000003f4ccccd 

Instructions: (pc=0x0000000108281476)
0x0000000108281456:   43 89 5c d4 38 43 c6 44 d4 59 01 41 c1 e3 10 41
0x0000000108281466:   c1 e0 08 45 0b d8 44 0b d9 41 81 cb 00 00 00 ff
0x0000000108281476:   47 89 5c d6 3c 48 8b 74 24 10 c5 fb 10 44 24 28
0x0000000108281486:   c5 fb 10 4c 24 30 c5 fb 10 54 24 18 90 e8 88 dc 

Register to memory mapping:

RAX=0x0000000796391198 is an oop
net.minecraft.client.renderer.texture.TextureAtlasSprite 
 - klass: 'net/minecraft/client/renderer/texture/TextureAtlasSprite'
RBX=0x0000000000000000 is an unknown value
RCX=0x000000000000007a is an unknown value
RDX=0x0000000000000800 is an unknown value
RSP=0x00000001072ffd30 is pointing into the stack for thread: 0x00007ffc5c005000
RBP=
[error occurred during error reporting (printing register info), id 0xb]

Stack: [0x0000000107201000,0x0000000107301000],  sp=0x00000001072ffd30,  free space=1019k
Native frames: (J=compiled Java code, j=interpreted, Vv=VM code, C=native code)
J 4590 C2 net.minecraft.client.renderer.RenderBlocks.renderFaceZNeg(Lnet/minecraft/block/Block;DDDLnet/minecraft/util/IIcon;)V (1111 bytes) @ 0x0000000108281476 [0x0000000108280d80+0x6f6]
j  net.minecraft.client.renderer.RenderBlocks.renderStandardBlockWithAmbientOcclusionPartial(Lnet/minecraft/block/Block;IIIFFF)Z+3706
J 4277 C2 net.minecraft.client.renderer.RenderBlocks.renderStandardBlock(Lnet/minecraft/block/Block;III)Z (213 bytes) @ 0x0000000107f97278 [0x0000000107f97140+0x138]
J 4416 C1 net.minecraft.client.renderer.RenderBlocks.renderBlockFence(Lnet/minecraft/block/BlockFence;III)Z (499 bytes) @ 0x00000001080c707c [0x00000001080c6f60+0x11c]
J 4264 C2 net.minecraft.client.renderer.RenderBlocks.renderBlockByRenderType(Lnet/minecraft/block/Block;III)Z (860 bytes) @ 0x0000000107f80230 [0x0000000107f7f5e0+0xc50]
J 4559 C2 net.minecraft.client.renderer.WorldRenderer.updateRenderer(Lnet/minecraft/entity/EntityLivingBase;)V (914 bytes) @ 0x0000000108272dbc [0x0000000108271e20+0xf9c]
J 4065 C2 net.minecraft.client.renderer.RenderGlobal.updateRenderers(Lnet/minecraft/entity/EntityLivingBase;Z)Z (440 bytes) @ 0x0000000107ea0e60 [0x0000000107ea0be0+0x280]
j  net.minecraft.client.renderer.EntityRenderer.renderWorld(FJ)V+548
j  net.minecraft.client.renderer.EntityRenderer.updateCameraAndRender(F)V+831
J 4507 C1 net.minecraft.client.Minecraft.runGameLoop()V (743 bytes) @ 0x00000001081ef184 [0x00000001081ed160+0x2024]
j  net.minecraft.client.Minecraft.run()V+61
j  net.minecraft.client.main.Main.main([Ljava/lang/String;)V+992
j  Start.main([Ljava/lang/String;)V+66
v  ~StubRoutines::call_stub
V  [libjvm.dylib+0x2efcba]  JavaCalls::call_helper(JavaValue*, methodHandle*, JavaCallArguments*, Thread*)+0x6ae
V  [libjvm.dylib+0x326c61]  jni_invoke_static(JNIEnv_*, JavaValue*, _jobject*, JNICallType, _jmethodID*, JNI_ArgumentPusher*, Thread*)+0x1bf
V  [libjvm.dylib+0x31f9ed]  jni_CallStaticVoidMethod+0x15d
C  [java+0x38c6]  JavaMain+0x9c4
C  [libsystem_pthread.dylib+0x1899]  _pthread_body+0x8a
C  [libsystem_pthread.dylib+0x172a]  _pthread_struct_init+0x0
C  [libsystem_pthread.dylib+0x5fc9]  thread_start+0xd
C  0x0000000000000000


---------------  P R O C E S S  ---------------

Java Threads: ( => current thread )
  0x00007ffc6255c000 JavaThread "File IO Thread" [_thread_blocked, id=77079, stack(0x00000001267b4000,0x00000001268b4000)]
  0x00007ffc6146e000 JavaThread "Keep-Alive-Timer" daemon [_thread_blocked, id=77571, stack(0x000000012632d000,0x000000012642d000)]
  0x00007ffc5be88000 JavaThread "pool-2-thread-1" [_thread_blocked, id=76035, stack(0x0000000126024000,0x0000000126124000)]
  0x00007ffc618ad000 JavaThread "Netty IO #1" daemon [_thread_in_native, id=75523, stack(0x0000000125d21000,0x0000000125e21000)]
  0x00007ffc5fbfc000 JavaThread "Netty Client IO #0" daemon [_thread_in_native, id=75011, stack(0x0000000125c1e000,0x0000000125d1e000)]
  0x00007ffc611e6000 JavaThread "Netty IO #0" daemon [_thread_in_native, id=74503, stack(0x0000000125b1b000,0x0000000125c1b000)]
  0x00007ffc61800000 JavaThread "Server thread" [_thread_blocked, id=73987, stack(0x0000000125a18000,0x0000000125b18000)]
  0x00007ffc61808000 JavaThread "process reaper" daemon [_thread_blocked, id=73475, stack(0x000000011bb6b000,0x000000011bb93000)]
  0x00007ffc61809800 JavaThread "Snooper Timer" daemon [_thread_blocked, id=55591, stack(0x0000000125715000,0x0000000125815000)]
  0x00007ffc60ca9000 JavaThread "AWT-Shutdown" [_thread_blocked, id=32043, stack(0x0000000125612000,0x0000000125712000)]
  0x00007ffc5c2ce000 JavaThread "Thread-7" [_thread_blocked, id=56323, stack(0x0000000124143000,0x0000000124243000)]
  0x00007ffc5c2e7000 JavaThread "Thread-6" [_thread_blocked, id=55311, stack(0x0000000124040000,0x0000000124140000)]
  0x00007ffc5b398800 JavaThread "Java2D Disposer" daemon [_thread_blocked, id=54067, stack(0x0000000122a3a000,0x0000000122b3a000)]
  0x00007ffc5ba25000 JavaThread "Timer hack thread" daemon [_thread_blocked, id=49671, stack(0x0000000121019000,0x0000000121119000)]
  0x00007ffc5ba8e800 JavaThread "Snooper Timer" daemon [_thread_blocked, id=49159, stack(0x0000000120f16000,0x0000000121016000)]
  0x00007ffc5b34f000 JavaThread "AppKit Thread" daemon [_thread_in_native, id=3335, stack(0x00007fff59b58000,0x00007fff5a358000)]
  0x00007ffc5c02f800 JavaThread "Service Thread" daemon [_thread_blocked, id=21507, stack(0x000000011b777000,0x000000011b877000)]
  0x00007ffc5c85c000 JavaThread "C1 CompilerThread2" daemon [_thread_blocked, id=20995, stack(0x000000011b674000,0x000000011b774000)]
  0x00007ffc5c837800 JavaThread "C2 CompilerThread1" daemon [_thread_blocked, id=20483, stack(0x000000011b571000,0x000000011b671000)]
  0x00007ffc5b048800 JavaThread "C2 CompilerThread0" daemon [_thread_blocked, id=19971, stack(0x000000011b46e000,0x000000011b56e000)]
  0x00007ffc5b048000 JavaThread "Signal Dispatcher" daemon [_thread_blocked, id=19459, stack(0x000000011b36b000,0x000000011b46b000)]
  0x00007ffc5b047000 JavaThread "Surrogate Locker Thread (Concurrent GC)" daemon [_thread_blocked, id=16967, stack(0x000000011b268000,0x000000011b368000)]
  0x00007ffc5b025000 JavaThread "Finalizer" daemon [_thread_blocked, id=13571, stack(0x000000011b01e000,0x000000011b11e000)]
  0x00007ffc5c02e800 JavaThread "Reference Handler" daemon [_thread_blocked, id=13059, stack(0x000000011af1b000,0x000000011b01b000)]
=>0x00007ffc5c005000 JavaThread "Client thread" [_thread_in_Java, id=6915, stack(0x0000000107201000,0x0000000107301000)]

Other Threads:
  0x00007ffc5b01c800 VMThread [stack: 0x000000011ae18000,0x000000011af18000] [id=12547]
  0x00007ffc5b0a4000 WatcherThread [stack: 0x000000011b87a000,0x000000011b97a000] [id=22019]

VM state:not at safepoint (normal execution)

VM Mutex/Monitor currently owned by a thread: None

Heap:
 par new generation   total 306688K, used 272640K [0x0000000780000000, 0x0000000794cc0000, 0x0000000794cc0000)
  eden space 272640K, 100% used [0x0000000780000000, 0x0000000790a40000, 0x0000000790a40000)
  from space 34048K,   0% used [0x0000000790a40000, 0x0000000790a40000, 0x0000000792b80000)
  to   space 34048K,   0% used [0x0000000792b80000, 0x0000000792b80000, 0x0000000794cc0000)
 concurrent mark-sweep generation total 707840K, used 69375K [0x0000000794cc0000, 0x00000007c0000000, 0x00000007c0000000)
 Metaspace       used 31499K, capacity 31743K, committed 32160K, reserved 1077248K
  class space    used 3685K, capacity 3770K, committed 3860K, reserved 1048576K

Card table byte_map: [0x0000000116acf000,0x0000000116cd0000] byte_map_base: 0x0000000112ecf000

Marking Bits: (CMSBitMap*) 0x00007ffc5c835f48
 Bits: [0x000000011722a000, 0x0000000117cf7000)

Mod Union Table: (CMSBitMap*) 0x00007ffc5c836008
 Bits: [0x00000001069c9000, 0x00000001069f4340)

Polling page: 0x00000001069b5000

CodeCache: size=245760Kb used=15831Kb max_used=15843Kb free=229928Kb
 bounds [0x0000000107303000, 0x0000000108293000, 0x0000000116303000]
 total_blobs=4862 nmethods=4147 adapters=628
 compilation: enabled

Compilation events (10 events):
Event: 22.369 Thread 0x00007ffc5c85c000 4597       3       optifine.Config::isRainOff (14 bytes)
Event: 22.370 Thread 0x00007ffc5c85c000 nmethod 4597 0x0000000108268bd0 code [0x0000000108268d40, 0x0000000108268ef0]
Event: 22.371 Thread 0x00007ffc5b048800 nmethod 4593% 0x000000010827f810 code [0x000000010827f9c0, 0x000000010827fce0]
Event: 22.381 Thread 0x00007ffc5c85c000 4598       3       us.blockgame.client.module.Module::setHUDText (6 bytes)
Event: 22.382 Thread 0x00007ffc5c85c000 nmethod 4598 0x0000000108264150 code [0x00000001082642a0, 0x0000000108264410]
Event: 22.408 Thread 0x00007ffc5c85c000 4599       3       net.minecraft.client.renderer.tileentity.TileEntityRendererDispatcher::func_147542_a (153 bytes)
Event: 22.408 Thread 0x00007ffc5b048800 4600   !   4       java.util.regex.Pattern::matcher (44 bytes)
Event: 22.408 Thread 0x00007ffc5c85c000 nmethod 4599 0x00000001082804d0 code [0x0000000108280640, 0x0000000108280948]
Event: 22.420 Thread 0x00007ffc5c837800 nmethod 4596 0x000000010827c610 code [0x000000010827c840, 0x000000010827d448]
Event: 22.421 Thread 0x00007ffc5c837800 4601       4       java.util.regex.Matcher::<init> (84 bytes)

GC Heap History (10 events):
Event: 5.725 GC heap before
{Heap before GC invocations=0 (full 0):
 par new generation   total 306688K, used 272640K [0x0000000780000000, 0x0000000794cc0000, 0x0000000794cc0000)
  eden space 272640K, 100% used [0x0000000780000000, 0x0000000790a40000, 0x0000000790a40000)
  from space 34048K,   0% used [0x0000000790a40000, 0x0000000790a40000, 0x0000000792b80000)
  to   space 34048K,   0% used [0x0000000792b80000, 0x0000000792b80000, 0x0000000794cc0000)
 concurrent mark-sweep generation total 707840K, used 0K [0x0000000794cc0000, 0x00000007c0000000, 0x00000007c0000000)
 Metaspace       used 26543K, capacity 26741K, committed 26940K, reserved 1073152K
  class space    used 3339K, capacity 3397K, committed 3476K, reserved 1048576K
Event: 5.774 GC heap after
Heap after GC invocations=1 (full 0):
 par new generation   total 306688K, used 28639K [0x0000000780000000, 0x0000000794cc0000, 0x0000000794cc0000)
  eden space 272640K,   0% used [0x0000000780000000, 0x0000000780000000, 0x0000000790a40000)
  from space 34048K,  84% used [0x0000000792b80000, 0x0000000794777ec0, 0x0000000794cc0000)
  to   space 34048K,   0% used [0x0000000790a40000, 0x0000000790a40000, 0x0000000792b80000)
 concurrent mark-sweep generation total 707840K, used 0K [0x0000000794cc0000, 0x00000007c0000000, 0x00000007c0000000)
 Metaspace       used 26543K, capacity 26741K, committed 26940K, reserved 1073152K
  class space    used 3339K, capacity 3397K, committed 3476K, reserved 1048576K
}
Event: 7.873 GC heap before
{Heap before GC invocations=1 (full 0):
 par new generation   total 306688K, used 301279K [0x0000000780000000, 0x0000000794cc0000, 0x0000000794cc0000)
  eden space 272640K, 100% used [0x0000000780000000, 0x0000000790a40000, 0x0000000790a40000)
  from space 34048K,  84% used [0x0000000792b80000, 0x0000000794777ec0, 0x0000000794cc0000)
  to   space 34048K,   0% used [0x0000000790a40000, 0x0000000790a40000, 0x0000000792b80000)
 concurrent mark-sweep generation total 707840K, used 0K [0x0000000794cc0000, 0x00000007c0000000, 0x00000007c0000000)
 Metaspace       used 27146K, capacity 27381K, committed 27528K, reserved 1073152K
  class space    used 3369K, capacity 3461K, committed 3476K, reserved 1048576K
Event: 8.019 GC heap after
Heap after GC invocations=2 (full 0):
 par new generation   total 306688K, used 12595K [0x0000000780000000, 0x0000000794cc0000, 0x0000000794cc0000)
  eden space 272640K,   0% used [0x0000000780000000, 0x0000000780000000, 0x0000000790a40000)
  from space 34048K,  36% used [0x0000000790a40000, 0x000000079168cce0, 0x0000000792b80000)
  to   space 34048K,   0% used [0x0000000792b80000, 0x0000000792b80000, 0x0000000794cc0000)
 concurrent mark-sweep generation total 707840K, used 24009K [0x0000000794cc0000, 0x00000007c0000000, 0x00000007c0000000)
 Metaspace       used 27146K, capacity 27381K, committed 27528K, reserved 1073152K
  class space    used 3369K, capacity 3461K, committed 3476K, reserved 1048576K
}
Event: 15.697 GC heap before
{Heap before GC invocations=2 (full 1):
 par new generation   total 306688K, used 123323K [0x0000000780000000, 0x0000000794cc0000, 0x0000000794cc0000)
  eden space 272640K,  40% used [0x0000000780000000, 0x0000000786c222d0, 0x0000000790a40000)
  from space 34048K,  36% used [0x0000000790a40000, 0x000000079168cce0, 0x0000000792b80000)
  to   space 34048K,   0% used [0x0000000792b80000, 0x0000000792b80000, 0x0000000794cc0000)
 concurrent mark-sweep generation total 707840K, used 24009K [0x0000000794cc0000, 0x00000007c0000000, 0x00000007c0000000)
 Metaspace       used 27581K, capacity 27765K, committed 27936K, reserved 1073152K
  class space    used 3401K, capacity 3461K, committed 3476K, reserved 1048576K
Event: 15.826 GC heap after
Heap after GC invocations=3 (full 2):
 par new generation   total 306688K, used 0K [0x0000000780000000, 0x0000000794cc0000, 0x0000000794cc0000)
  eden space 272640K,   0% used [0x0000000780000000, 0x0000000780000000, 0x0000000790a40000)
  from space 34048K,   0% used [0x0000000790a40000, 0x0000000790a40000, 0x0000000792b80000)
  to   space 34048K,   0% used [0x0000000792b80000, 0x0000000792b80000, 0x0000000794cc0000)
 concurrent mark-sweep generation total 707840K, used 26008K [0x0000000794cc0000, 0x00000007c0000000, 0x00000007c0000000)
 Metaspace       used 27581K, capacity 27765K, committed 27936K, reserved 1073152K
  class space    used 3401K, capacity 3461K, committed 3476K, reserved 1048576K
}
Event: 15.826 GC heap before
{Heap before GC invocations=3 (full 2):
 par new generation   total 306688K, used 0K [0x0000000780000000, 0x0000000794cc0000, 0x0000000794cc0000)
  eden space 272640K,   0% used [0x0000000780000000, 0x0000000780000000, 0x0000000790a40000)
  from space 34048K,   0% used [0x0000000790a40000, 0x0000000790a40000, 0x0000000792b80000)
  to   space 34048K,   0% used [0x0000000792b80000, 0x0000000792b80000, 0x0000000794cc0000)
 concurrent mark-sweep generation total 707840K, used 26008K [0x0000000794cc0000, 0x00000007c0000000, 0x00000007c0000000)
 Metaspace       used 27581K, capacity 27765K, committed 27936K, reserved 1073152K
  class space    used 3401K, capacity 3461K, committed 3476K, reserved 1048576K
Event: 15.897 GC heap after
Heap after GC invocations=4 (full 3):
 par new generation   total 306688K, used 0K [0x0000000780000000, 0x0000000794cc0000, 0x0000000794cc0000)
  eden space 272640K,   0% used [0x0000000780000000, 0x0000000780000000, 0x0000000790a40000)
  from space 34048K,   0% used [0x0000000790a40000, 0x0000000790a40000, 0x0000000792b80000)
  to   space 34048K,   0% used [0x0000000792b80000, 0x0000000792b80000, 0x0000000794cc0000)
 concurrent mark-sweep generation total 707840K, used 26008K [0x0000000794cc0000, 0x00000007c0000000, 0x00000007c0000000)
 Metaspace       used 27581K, capacity 27765K, committed 27936K, reserved 1073152K
  class space    used 3401K, capacity 3461K, committed 3476K, reserved 1048576K
}
Event: 17.543 GC heap before
{Heap before GC invocations=4 (full 3):
 par new generation   total 306688K, used 152071K [0x0000000780000000, 0x0000000794cc0000, 0x0000000794cc0000)
  eden space 272640K,  55% used [0x0000000780000000, 0x0000000789481ec8, 0x0000000790a40000)
  from space 34048K,   0% used [0x0000000790a40000, 0x0000000790a40000, 0x0000000792b80000)
  to   space 34048K,   0% used [0x0000000792b80000, 0x0000000792b80000, 0x0000000794cc0000)
 concurrent mark-sweep generation total 707840K, used 26008K [0x0000000794cc0000, 0x00000007c0000000, 0x00000007c0000000)
 Metaspace       used 30223K, capacity 30445K, committed 30624K, reserved 1077248K
  class space    used 3667K, capacity 3767K, committed 3860K, reserved 1048576K
Event: 17.712 GC heap after
Heap after GC invocations=5 (full 4):
 par new generation   total 306688K, used 0K [0x0000000780000000, 0x0000000794cc0000, 0x0000000794cc0000)
  eden space 272640K,   0% used [0x0000000780000000, 0x0000000780000000, 0x0000000790a40000)
  from space 34048K,   0% used [0x0000000790a40000, 0x0000000790a40000, 0x0000000792b80000)
  to   space 34048K,   0% used [0x0000000792b80000, 0x0000000792b80000, 0x0000000794cc0000)
 concurrent mark-sweep generation total 707840K, used 69375K [0x0000000794cc0000, 0x00000007c0000000, 0x00000007c0000000)
 Metaspace       used 30223K, capacity 30445K, committed 30624K, reserved 1077248K
  class space    used 3667K, capacity 3767K, committed 3860K, reserved 1048576K
}

Deoptimization events (10 events):
Event: 21.090 Thread 0x00007ffc5c005000 Uncommon trap: reason=unstable_if action=reinterpret pc=0x0000000108129670 method=net.minecraft.client.renderer.culling.ClippingHelper.isBoxInFrustum(DDDDDD)Z @ 455
Event: 21.615 Thread 0x00007ffc5c005000 Uncommon trap: reason=unstable_if action=reinterpret pc=0x0000000107f34b38 method=net.minecraft.client.renderer.WorldRenderer.updateRenderer(Lnet/minecraft/entity/EntityLivingBase;)V @ 526
Event: 21.872 Thread 0x00007ffc5c005000 Uncommon trap: reason=class_check action=maybe_recompile pc=0x0000000107e9d4dc method=net.minecraft.world.ChunkCache.getBlock(III)Lnet/minecraft/block/Block; @ 97
Event: 21.872 Thread 0x00007ffc5c005000 Uncommon trap: reason=class_check action=maybe_recompile pc=0x0000000107f3cd0c method=net.minecraft.world.ChunkCache.getBlock(III)Lnet/minecraft/block/Block; @ 97
Event: 21.872 Thread 0x00007ffc5c005000 Uncommon trap: reason=class_check action=maybe_recompile pc=0x0000000107f3cd0c method=net.minecraft.world.ChunkCache.getBlock(III)Lnet/minecraft/block/Block; @ 97
Event: 21.872 Thread 0x00007ffc5c005000 Uncommon trap: reason=class_check action=maybe_recompile pc=0x0000000107f3cd0c method=net.minecraft.world.ChunkCache.getBlock(III)Lnet/minecraft/block/Block; @ 97
Event: 21.872 Thread 0x00007ffc5c005000 Uncommon trap: reason=class_check action=maybe_recompile pc=0x0000000107d40008 method=net.minecraft.world.ChunkCache.getBlock(III)Lnet/minecraft/block/Block; @ 97
Event: 21.872 Thread 0x00007ffc5c005000 Uncommon trap: reason=class_check action=maybe_recompile pc=0x0000000107f98f54 method=net.minecraft.world.ChunkCache.getBlock(III)Lnet/minecraft/block/Block; @ 97
Event: 21.872 Thread 0x00007ffc5c005000 Uncommon trap: reason=class_check action=maybe_recompile pc=0x00000001080ca1c4 method=net.minecraft.world.ChunkCache.getBlock(III)Lnet/minecraft/block/Block; @ 97
Event: 21.873 Thread 0x00007ffc5c005000 Uncommon trap: reason=class_check action=maybe_recompile pc=0x0000000107e9d4dc method=net.minecraft.world.ChunkCache.getBlock(III)Lnet/minecraft/block/Block; @ 97

Classes redefined (0 events):
No events

Internal exceptions (10 events):
Event: 22.299 Thread 0x00007ffc5c2e7000 Exception <a 'java/lang/InterruptedException': sleep interrupted> (0x0000000780bbf088) thrown at [/Users/java_re/workspace/8-2-build-macosx-x86_64/jdk8u181/11358/hotspot/src/share/vm/prims/jvm.cpp, line 3273]
Event: 22.313 Thread 0x00007ffc5c2e7000 Exception <a 'java/lang/InterruptedException': sleep interrupted> (0x0000000780bbf330) thrown at [/Users/java_re/workspace/8-2-build-macosx-x86_64/jdk8u181/11358/hotspot/src/share/vm/prims/jvm.cpp, line 3273]
Event: 22.328 Thread 0x00007ffc5c2e7000 Exception <a 'java/lang/InterruptedException': sleep interrupted> (0x0000000780bbf5d8) thrown at [/Users/java_re/workspace/8-2-build-macosx-x86_64/jdk8u181/11358/hotspot/src/share/vm/prims/jvm.cpp, line 3273]
Event: 22.341 Thread 0x00007ffc5c2e7000 Exception <a 'java/lang/InterruptedException': sleep interrupted> (0x0000000780bbf880) thrown at [/Users/java_re/workspace/8-2-build-macosx-x86_64/jdk8u181/11358/hotspot/src/share/vm/prims/jvm.cpp, line 3273]
Event: 22.352 Thread 0x00007ffc5c2e7000 Exception <a 'java/lang/InterruptedException': sleep interrupted> (0x0000000780bbfb28) thrown at [/Users/java_re/workspace/8-2-build-macosx-x86_64/jdk8u181/11358/hotspot/src/share/vm/prims/jvm.cpp, line 3273]
Event: 22.366 Thread 0x00007ffc5c2e7000 Exception <a 'java/lang/InterruptedException': sleep interrupted> (0x0000000780bbfdd0) thrown at [/Users/java_re/workspace/8-2-build-macosx-x86_64/jdk8u181/11358/hotspot/src/share/vm/prims/jvm.cpp, line 3273]
Event: 22.379 Thread 0x00007ffc5c2e7000 Exception <a 'java/lang/InterruptedException': sleep interrupted> (0x0000000780bc0078) thrown at [/Users/java_re/workspace/8-2-build-macosx-x86_64/jdk8u181/11358/hotspot/src/share/vm/prims/jvm.cpp, line 3273]
Event: 22.391 Thread 0x00007ffc5c2e7000 Exception <a 'java/lang/InterruptedException': sleep interrupted> (0x0000000780bc0320) thrown at [/Users/java_re/workspace/8-2-build-macosx-x86_64/jdk8u181/11358/hotspot/src/share/vm/prims/jvm.cpp, line 3273]
Event: 22.405 Thread 0x00007ffc5c2e7000 Exception <a 'java/lang/InterruptedException': sleep interrupted> (0x0000000780bc05c8) thrown at [/Users/java_re/workspace/8-2-build-macosx-x86_64/jdk8u181/11358/hotspot/src/share/vm/prims/jvm.cpp, line 3273]
Event: 22.419 Thread 0x00007ffc5c2e7000 Exception <a 'java/lang/InterruptedException': sleep interrupted> (0x0000000780bc0870) thrown at [/Users/java_re/workspace/8-2-build-macosx-x86_64/jdk8u181/11358/hotspot/src/share/vm/prims/jvm.cpp, line 3273]

Events (10 events):
Event: 21.994 Thread 0x00007ffc5c005000 DEOPT PACKING pc=0x0000000108084f52 sp=0x00000001072ffec0
Event: 21.994 Thread 0x00007ffc5c005000 DEOPT UNPACKING pc=0x000000010734a784 sp=0x00000001072ffe58 mode 0
Event: 22.009 Thread 0x00007ffc5c005000 DEOPT PACKING pc=0x000000010820b6bc sp=0x00000001072fffc0
Event: 22.009 Thread 0x00007ffc5c005000 DEOPT UNPACKING pc=0x000000010734a784 sp=0x00000001072ffe38 mode 0
Event: 22.041 Thread 0x00007ffc5c005000 DEOPT PACKING pc=0x000000010820b6bc sp=0x00000001072fffc0
Event: 22.041 Thread 0x00007ffc5c005000 DEOPT UNPACKING pc=0x000000010734a784 sp=0x00000001072ffe38 mode 0
Event: 22.068 Thread 0x00007ffc5c005000 DEOPT PACKING pc=0x000000010820b6bc sp=0x00000001072fffc0
Event: 22.068 Thread 0x00007ffc5c005000 DEOPT UNPACKING pc=0x000000010734a784 sp=0x00000001072ffe38 mode 0
Event: 22.245 Thread 0x00007ffc5c005000 DEOPT PACKING pc=0x0000000108084f52 sp=0x00000001072ffec0
Event: 22.245 Thread 0x00007ffc5c005000 DEOPT UNPACKING pc=0x000000010734a784 sp=0x00000001072ffe58 mode 0


Dynamic libraries:
0x00007fff92a0c000 	/System/Library/Frameworks/Cocoa.framework/Versions/A/Cocoa
0x00007fff91a22000 	/System/Library/Frameworks/Security.framework/Versions/A/Security
0x00007fff919ee000 	/System/Library/Frameworks/ApplicationServices.framework/Versions/A/ApplicationServices
0x00007fff8c546000 	/usr/lib/libz.1.dylib
0x00007fff8c0ee000 	/usr/lib/libSystem.B.dylib
0x00007fff89069000 	/usr/lib/libobjc.A.dylib
0x00007fff94174000 	/System/Library/Frameworks/CoreFoundation.framework/Versions/A/CoreFoundation
0x00007fff94fd3000 	/System/Library/Frameworks/Foundation.framework/Versions/C/Foundation
0x00007fff91ce0000 	/System/Library/Frameworks/AppKit.framework/Versions/C/AppKit
0x00007fff8958e000 	/System/Library/Frameworks/CoreData.framework/Versions/A/CoreData
0x00007fff9493b000 	/System/Library/PrivateFrameworks/RemoteViewServices.framework/Versions/A/RemoteViewServices
0x00007fff8d072000 	/System/Library/Frameworks/AudioToolbox.framework/Versions/A/AudioToolbox
0x00007fff9493a000 	/System/Library/Frameworks/AudioUnit.framework/Versions/A/AudioUnit
0x00007fff897eb000 	/System/Library/PrivateFrameworks/DataDetectorsCore.framework/Versions/A/DataDetectorsCore
0x00007fff90802000 	/System/Library/PrivateFrameworks/DesktopServicesPriv.framework/Versions/A/DesktopServicesPriv
0x00007fff94a89000 	/System/Library/Frameworks/Carbon.framework/Versions/A/Frameworks/HIToolbox.framework/Versions/A/HIToolbox
0x00007fff93fae000 	/System/Library/Frameworks/QuartzCore.framework/Versions/A/QuartzCore
0x00007fff929df000 	/System/Library/Frameworks/Carbon.framework/Versions/A/Frameworks/SpeechRecognition.framework/Versions/A/SpeechRecognition
0x00007fff90c46000 	/usr/lib/libauto.dylib
0x00007fff89a31000 	/usr/lib/libicucore.A.dylib
0x00007fff90fa2000 	/usr/lib/libxml2.2.dylib
0x00007fff94855000 	/System/Library/PrivateFrameworks/CoreUI.framework/Versions/A/CoreUI
0x00007fff93021000 	/System/Library/Frameworks/CoreAudio.framework/Versions/A/CoreAudio
0x00007fff8d06c000 	/System/Library/Frameworks/DiskArbitration.framework/Versions/A/DiskArbitration
0x00007fff8b3a0000 	/usr/lib/liblangid.dylib
0x00007fff8e4f7000 	/System/Library/PrivateFrameworks/MultitouchSupport.framework/Versions/A/MultitouchSupport
0x00007fff95ae5000 	/System/Library/Frameworks/IOKit.framework/Versions/A/IOKit
0x00007fff8d031000 	/usr/lib/libDiagnosticMessagesClient.dylib
0x00007fff90654000 	/System/Library/Frameworks/CoreServices.framework/Versions/A/CoreServices
0x00007fff9499e000 	/System/Library/PrivateFrameworks/PerformanceAnalysis.framework/Versions/A/PerformanceAnalysis
0x00007fff94488000 	/System/Library/PrivateFrameworks/GenerationalStorage.framework/Versions/A/GenerationalStorage
0x00007fff95ac3000 	/System/Library/Frameworks/OpenGL.framework/Versions/A/OpenGL
0x00007fff953ee000 	/System/Library/PrivateFrameworks/Sharing.framework/Versions/A/Sharing
0x00007fff87eab000 	/System/Library/Frameworks/ImageIO.framework/Versions/A/ImageIO
0x00007fff94d34000 	/System/Library/Frameworks/CoreText.framework/Versions/A/CoreText
0x00007fff8e519000 	/System/Library/Frameworks/CoreGraphics.framework/Versions/A/CoreGraphics
0x00007fff909be000 	/System/Library/PrivateFrameworks/Backup.framework/Versions/A/Backup
0x00007fff8ee5e000 	/System/Library/Frameworks/CFNetwork.framework/Versions/A/CFNetwork
0x00007fff8a0b4000 	/System/Library/Frameworks/SystemConfiguration.framework/Versions/A/SystemConfiguration
0x00007fff944a1000 	/usr/lib/libCRFSuite.dylib
0x00007fff8e498000 	/usr/lib/libc++.1.dylib
0x00007fff88143000 	/usr/lib/libc++abi.dylib
0x00007fff89f49000 	/usr/lib/system/libcache.dylib
0x00007fff91a10000 	/usr/lib/system/libcommonCrypto.dylib
0x00007fff944ff000 	/usr/lib/system/libcompiler_rt.dylib
0x00007fff8fe4f000 	/usr/lib/system/libcopyfile.dylib
0x00007fff94e2d000 	/usr/lib/system/libcorecrypto.dylib
0x00007fff8ee43000 	/usr/lib/system/libdispatch.dylib
0x00007fff9298d000 	/usr/lib/system/libdyld.dylib
0x00007fff94360000 	/usr/lib/system/libkeymgr.dylib
0x00007fff8c064000 	/usr/lib/system/liblaunch.dylib
0x00007fff953a0000 	/usr/lib/system/libmacho.dylib
0x00007fff8d534000 	/usr/lib/system/libquarantine.dylib
0x00007fff93cda000 	/usr/lib/system/libremovefile.dylib
0x00007fff90f4d000 	/usr/lib/system/libsystem_asl.dylib
0x00007fff90241000 	/usr/lib/system/libsystem_blocks.dylib
0x00007fff94ebf000 	/usr/lib/system/libsystem_c.dylib
0x00007fff90368000 	/usr/lib/system/libsystem_configuration.dylib
0x00007fff8e4eb000 	/usr/lib/system/libsystem_dnssd.dylib
0x00007fff87e7a000 	/usr/lib/system/libsystem_info.dylib
0x00007fff93926000 	/usr/lib/system/libsystem_kernel.dylib
0x00007fff88cdc000 	/usr/lib/system/libsystem_m.dylib
0x00007fff92b2c000 	/usr/lib/system/libsystem_malloc.dylib
0x00007fff92ad3000 	/usr/lib/system/libsystem_network.dylib
0x00007fff90f43000 	/usr/lib/system/libsystem_notify.dylib
0x00007fff949e0000 	/usr/lib/system/libsystem_platform.dylib
0x00007fff87fb3000 	/usr/lib/system/libsystem_pthread.dylib
0x00007fff90be5000 	/usr/lib/system/libsystem_sandbox.dylib
0x00007fff90a83000 	/usr/lib/system/libsystem_stats.dylib
0x00007fff89f47000 	/usr/lib/system/libunc.dylib
0x00007fff90779000 	/usr/lib/system/libunwind.dylib
0x00007fff902c5000 	/usr/lib/system/libxpc.dylib
0x00007fff89017000 	/usr/lib/libbsm.0.dylib
0x00007fff8bf79000 	/usr/lib/libsqlite3.dylib
0x00007fff95b52000 	/usr/lib/libxar.1.dylib
0x00007fff8c4a1000 	/usr/lib/libpam.2.dylib
0x00007fff930fc000 	/usr/lib/libOpenScriptingUtil.dylib
0x00007fff90bd7000 	/usr/lib/libbz2.1.0.dylib
0x00007fff8d23f000 	/System/Library/Frameworks/CoreServices.framework/Versions/A/Frameworks/CarbonCore.framework/Versions/A/CarbonCore
0x00007fff89950000 	/System/Library/Frameworks/CoreServices.framework/Versions/A/Frameworks/Metadata.framework/Versions/A/Metadata
0x00007fff94507000 	/System/Library/Frameworks/CoreServices.framework/Versions/A/Frameworks/OSServices.framework/Versions/A/OSServices
0x00007fff8f901000 	/System/Library/Frameworks/CoreServices.framework/Versions/A/Frameworks/SearchKit.framework/Versions/A/SearchKit
0x00007fff95342000 	/System/Library/Frameworks/CoreServices.framework/Versions/A/Frameworks/AE.framework/Versions/A/AE
0x00007fff8ad56000 	/System/Library/Frameworks/CoreServices.framework/Versions/A/Frameworks/LaunchServices.framework/Versions/A/LaunchServices
0x00007fff94974000 	/System/Library/Frameworks/CoreServices.framework/Versions/A/Frameworks/DictionaryServices.framework/Versions/A/DictionaryServices
0x00007fff89f52000 	/System/Library/Frameworks/NetFS.framework/Versions/A/NetFS
0x00007fff93073000 	/usr/lib/system/libkxld.dylib
0x00007fff8a2ae000 	/System/Library/PrivateFrameworks/NetAuth.framework/Versions/A/NetAuth
0x00007fff8b506000 	/System/Library/PrivateFrameworks/TCC.framework/Versions/A/TCC
0x00007fff89028000 	/System/Library/Frameworks/OpenDirectory.framework/Versions/A/Frameworks/CFOpenDirectory.framework/Versions/A/CFOpenDirectory
0x00007fff92f20000 	/System/Library/Frameworks/ServiceManagement.framework/Versions/A/ServiceManagement
0x00007fff89040000 	/usr/lib/libxslt.1.dylib
0x00007fff92a3a000 	/System/Library/Frameworks/Carbon.framework/Versions/A/Frameworks/Ink.framework/Versions/A/Ink
0x00007fff952d4000 	/System/Library/Frameworks/ApplicationServices.framework/Versions/A/Frameworks/ATS.framework/Versions/A/ATS
0x00007fff94f49000 	/System/Library/Frameworks/ApplicationServices.framework/Versions/A/Frameworks/ColorSync.framework/Versions/A/ColorSync
0x00007fff94361000 	/System/Library/Frameworks/ApplicationServices.framework/Versions/A/Frameworks/HIServices.framework/Versions/A/HIServices
0x00007fff8b38d000 	/System/Library/Frameworks/ApplicationServices.framework/Versions/A/Frameworks/LangAnalysis.framework/Versions/A/LangAnalysis
0x00007fff92991000 	/System/Library/Frameworks/ApplicationServices.framework/Versions/A/Frameworks/PrintCore.framework/Versions/A/PrintCore
0x00007fff8d59f000 	/System/Library/Frameworks/ApplicationServices.framework/Versions/A/Frameworks/QD.framework/Versions/A/QD
0x00007fff8b4fc000 	/System/Library/Frameworks/ApplicationServices.framework/Versions/A/Frameworks/SpeechSynthesis.framework/Versions/A/SpeechSynthesis
0x00007fff89f4e000 	/System/Library/Frameworks/IOSurface.framework/Versions/A/IOSurface
0x00007fff92f8b000 	/System/Library/Frameworks/Accelerate.framework/Versions/A/Accelerate
0x00007fff8b596000 	/System/Library/Frameworks/Accelerate.framework/Versions/A/Frameworks/vImage.framework/Versions/A/vImage
0x00007fff9435f000 	/System/Library/Frameworks/Accelerate.framework/Versions/A/Frameworks/vecLib.framework/Versions/A/vecLib
0x00007fff9457f000 	/System/Library/Frameworks/Accelerate.framework/Versions/A/Frameworks/vecLib.framework/Versions/A/libvDSP.dylib
0x00007fff894b0000 	/System/Library/Frameworks/Accelerate.framework/Versions/A/Frameworks/vecLib.framework/Versions/A/libvMisc.dylib
0x00007fff8fe57000 	/System/Library/Frameworks/Accelerate.framework/Versions/A/Frameworks/vecLib.framework/Versions/A/libLAPACK.dylib
0x00007fff953fc000 	/System/Library/Frameworks/Accelerate.framework/Versions/A/Frameworks/vecLib.framework/Versions/A/libBLAS.dylib
0x00007fff89855000 	/System/Library/Frameworks/ApplicationServices.framework/Versions/A/Frameworks/ATS.framework/Versions/A/Resources/libFontParser.dylib
0x00007fff9077f000 	/System/Library/Frameworks/ApplicationServices.framework/Versions/A/Frameworks/ATS.framework/Versions/A/Resources/libFontRegistry.dylib
0x00007fff8c4d1000 	/System/Library/Frameworks/ImageIO.framework/Versions/A/Resources/libJPEG.dylib
0x00007fff8a1c2000 	/System/Library/Frameworks/ImageIO.framework/Versions/A/Resources/libTIFF.dylib
0x00007fff8a473000 	/System/Library/Frameworks/ImageIO.framework/Versions/A/Resources/libPng.dylib
0x00007fff8c3b1000 	/System/Library/Frameworks/ImageIO.framework/Versions/A/Resources/libGIF.dylib
0x00007fff89f97000 	/System/Library/Frameworks/ImageIO.framework/Versions/A/Resources/libJP2.dylib
0x00007fff90bd4000 	/System/Library/Frameworks/ImageIO.framework/Versions/A/Resources/libRadiance.dylib
0x00007fff953a6000 	/usr/lib/libcups.2.dylib
0x00007fff8cffa000 	/System/Library/Frameworks/Kerberos.framework/Versions/A/Kerberos
0x00007fff89f67000 	/System/Library/Frameworks/GSS.framework/Versions/A/GSS
0x00007fff89cc0000 	/usr/lib/libresolv.9.dylib
0x00007fff8b29b000 	/usr/lib/libiconv.2.dylib
0x00007fff8f88d000 	/System/Library/PrivateFrameworks/Heimdal.framework/Versions/A/Heimdal
0x00007fff9539e000 	/System/Library/PrivateFrameworks/TrustEvaluationAgent.framework/Versions/A/TrustEvaluationAgent
0x00007fff90f5f000 	/usr/lib/libheimdal-asn1.dylib
0x00007fff90f95000 	/System/Library/Frameworks/OpenDirectory.framework/Versions/A/OpenDirectory
0x00007fff8cd48000 	/System/Library/PrivateFrameworks/CommonAuth.framework/Versions/A/CommonAuth
0x00007fff93088000 	/System/Library/Frameworks/SecurityFoundation.framework/Versions/A/SecurityFoundation
0x00007fff8816e000 	/System/Library/PrivateFrameworks/Bom.framework/Versions/A/Bom
0x00007fff89cdd000 	/System/Library/Frameworks/CoreVideo.framework/Versions/A/CoreVideo
0x00007fff8ca76000 	/System/Library/Frameworks/QuartzCore.framework/Versions/A/Frameworks/CoreImage.framework/Versions/A/CoreImage
0x00007fff8bf00000 	/System/Library/Frameworks/QuartzCore.framework/Versions/A/Frameworks/ScalableUserInterface.framework/Versions/A/ScalableUserInterface
0x00007fff90b42000 	/System/Library/Frameworks/OpenGL.framework/Versions/A/Libraries/libGLU.dylib
0x00007fff8f8f3000 	/System/Library/Frameworks/OpenGL.framework/Versions/A/Libraries/libGFXShared.dylib
0x00007fff91c93000 	/System/Library/Frameworks/OpenGL.framework/Versions/A/Libraries/libGL.dylib
0x00007fff89c81000 	/System/Library/Frameworks/OpenGL.framework/Versions/A/Libraries/libGLImage.dylib
0x00007fff8d54f000 	/System/Library/Frameworks/OpenGL.framework/Versions/A/Libraries/libCVMSPluginSupport.dylib
0x00007fff89a2d000 	/System/Library/Frameworks/OpenGL.framework/Versions/A/Libraries/libCoreVMClient.dylib
0x00007fff95656000 	/System/Library/PrivateFrameworks/FaceCore.framework/Versions/A/FaceCore
0x00007fff8d05e000 	/System/Library/PrivateFrameworks/CrashReporterSupport.framework/Versions/A/CrashReporterSupport
0x00007fff8c622000 	/System/Library/Frameworks/OpenCL.framework/Versions/A/OpenCL
0x00007fff8f96f000 	/System/Library/PrivateFrameworks/AppleFSCompression.framework/Versions/A/AppleFSCompression
0x00007fff90b96000 	/System/Library/PrivateFrameworks/Ubiquity.framework/Versions/A/Ubiquity
0x00007fff90f64000 	/System/Library/PrivateFrameworks/IconServices.framework/Versions/A/IconServices
0x00007fff90978000 	/System/Library/PrivateFrameworks/ChunkingLibrary.framework/Versions/A/ChunkingLibrary
0x00007fff90243000 	/System/Library/PrivateFrameworks/CoreSymbolication.framework/Versions/A/CoreSymbolication
0x00007fff92f2b000 	/System/Library/PrivateFrameworks/Symbolication.framework/Versions/A/Symbolication
0x00007fff8809d000 	/System/Library/PrivateFrameworks/DebugSymbols.framework/Versions/A/DebugSymbols
0x00000001059a7000 	/Library/Java/JavaVirtualMachines/jdk1.8.0_181.jdk/Contents/Home/jre/lib/server/libjvm.dylib
0x00007fff8a7c6000 	/usr/lib/libstdc++.6.dylib
0x0000000106971000 	/Library/Java/JavaVirtualMachines/jdk1.8.0_181.jdk/Contents/Home/jre/lib/libverify.dylib
0x000000010697f000 	/Library/Java/JavaVirtualMachines/jdk1.8.0_181.jdk/Contents/Home/jre/lib/libjava.dylib
0x00000001069bf000 	/Library/Java/JavaVirtualMachines/jdk1.8.0_181.jdk/Contents/Home/jre/lib/libzip.dylib
0x000000011baa7000 	/Library/Java/JavaVirtualMachines/jdk1.8.0_181.jdk/Contents/Home/jre/lib/libmanagement.dylib
0x000000011bab5000 	/Library/Java/JavaVirtualMachines/jdk1.8.0_181.jdk/Contents/Home/jre/lib/libnet.dylib
0x000000011bb14000 	/Library/Java/JavaVirtualMachines/jdk1.8.0_181.jdk/Contents/Home/jre/lib/libnio.dylib
0x000000011ca90000 	/Library/Java/JavaVirtualMachines/jdk1.8.0_181.jdk/Contents/Home/jre/lib/libawt.dylib
0x000000011cb3a000 	/Library/Java/JavaVirtualMachines/jdk1.8.0_181.jdk/Contents/Home/jre/lib/./libmlib_image.dylib
0x000000011bbd7000 	/System/Library/Frameworks/JavaVM.framework/Versions/A/Frameworks/JavaNativeFoundation.framework/Versions/A/JavaNativeFoundation
0x000000011bbeb000 	/System/Library/Frameworks/JavaVM.framework/Versions/A/Frameworks/JavaRuntimeSupport.framework/Versions/A/JavaRuntimeSupport
0x000000011bc03000 	/System/Library/Frameworks/JavaVM.framework/Versions/A/JavaVM
0x000000011bc9b000 	/System/Library/PrivateFrameworks/JavaLaunching.framework/Versions/A/JavaLaunching
0x00007fff8816d000 	/System/Library/Frameworks/Carbon.framework/Versions/A/Carbon
0x00007fff89850000 	/System/Library/Frameworks/Carbon.framework/Versions/A/Frameworks/CommonPanels.framework/Versions/A/CommonPanels
0x00007fff8d59b000 	/System/Library/Frameworks/Carbon.framework/Versions/A/Frameworks/Help.framework/Versions/A/Help
0x00007fff95ad2000 	/System/Library/Frameworks/Carbon.framework/Versions/A/Frameworks/ImageCapture.framework/Versions/A/ImageCapture
0x00007fff885b4000 	/System/Library/Frameworks/Carbon.framework/Versions/A/Frameworks/OpenScripting.framework/Versions/A/OpenScripting
0x00007fff8c0f0000 	/System/Library/Frameworks/Carbon.framework/Versions/A/Frameworks/Print.framework/Versions/A/Print
0x00007fff8c676000 	/System/Library/Frameworks/Carbon.framework/Versions/A/Frameworks/SecurityHI.framework/Versions/A/SecurityHI
0x000000011cc06000 	/Library/Java/JavaVirtualMachines/jdk1.8.0_181.jdk/Contents/Home/jre/lib/libawt_lwawt.dylib
0x000000011bca6000 	/Library/Java/JavaVirtualMachines/jdk1.8.0_181.jdk/Contents/Home/jre/lib/./libosxapp.dylib
0x00007fff95ac0000 	/System/Library/Frameworks/ExceptionHandling.framework/Versions/A/ExceptionHandling
0x00007fff89561000 	/System/Library/PrivateFrameworks/CoreServicesInternal.framework/Versions/A/CoreServicesInternal
0x00007fff92857000 	/System/Library/PrivateFrameworks/Librarian.framework/Versions/A/Librarian
0x00007fff8b3fa000 	/System/Library/Frameworks/CoreGraphics.framework/Versions/A/Resources/libCGCMS.A.dylib
0x00007fff946f5000 	/System/Library/Frameworks/CoreGraphics.framework/Versions/A/Resources/libRIP.A.dylib
0x00007fff8faea000 	/System/Library/Frameworks/CoreGraphics.framework/Versions/A/Resources/libCGXType.A.dylib
0x00007fff929e8000 	/System/Library/PrivateFrameworks/FamilyControls.framework/Versions/A/FamilyControls
0x00007fff8e50a000 	/System/Library/PrivateFrameworks/CommerceKit.framework/Versions/A/Frameworks/CommerceCore.framework/Versions/A/CommerceCore
0x00007fff92a0d000 	/System/Library/PrivateFrameworks/SystemAdministration.framework/Versions/A/SystemAdministration
0x00007fff9111e000 	/System/Library/Frameworks/DirectoryService.framework/Versions/A/DirectoryService
0x00007fff928bb000 	/System/Library/PrivateFrameworks/DiskImages.framework/Versions/A/DiskImages
0x00007fff894ac000 	/System/Library/PrivateFrameworks/LoginUIKit.framework/Versions/A/Frameworks/LoginUICore.framework/Versions/A/LoginUICore
0x00007fff90ab6000 	/usr/lib/libCoreStorage.dylib
0x00007fff8f882000 	/usr/lib/libcsfde.dylib
0x00007fff8bf54000 	/usr/lib/libodfde.dylib
0x00007fff8c3e8000 	/System/Library/Frameworks/DiscRecording.framework/Versions/A/DiscRecording
0x00007fff8c0f9000 	/usr/lib/libcurl.4.dylib
0x00007fff8d5d9000 	/System/Library/PrivateFrameworks/MediaKit.framework/Versions/A/MediaKit
0x00007fff8853c000 	/System/Library/PrivateFrameworks/EFILogin.framework/Versions/A/EFILogin
0x00007fff8b39d000 	/usr/lib/libutil.dylib
0x00007fff8c0f2000 	/System/Library/PrivateFrameworks/AOSNotification.framework/Versions/A/AOSNotification
0x00007fff87fbb000 	/System/Library/Frameworks/LDAP.framework/Versions/A/LDAP
0x00007fff89d03000 	/usr/lib/libsasl2.2.dylib
0x00007fff89e69000 	/usr/lib/libcrypto.0.9.8.dylib
0x00007fff95a8a000 	/usr/lib/libssl.0.9.8.dylib
0x0000000120c2f000 	/Library/Java/JavaVirtualMachines/jdk1.8.0_181.jdk/Contents/Home/jre/lib/libfontmanager.dylib
0x0000000120e96000 	/Users/bhaskarkoukuntla/Desktop/mcp908/jars/versions/1.7.10/1.7.10-natives/liblwjgl.jnilib
0x000000011bde9000 	/Library/Java/JavaVirtualMachines/jdk1.8.0_181.jdk/Contents/Home/jre/lib/libjawt.dylib
0x00007fff90487000 	/System/Library/Frameworks/OpenGL.framework/Versions/A/Resources/GLEngine.bundle/GLEngine
0x00007fff8bd99000 	/System/Library/Frameworks/OpenGL.framework/Versions/A/Libraries/libGLProgrammability.dylib
0x000000012131b000 	/System/Library/Extensions/AppleIntelHD5000GraphicsGLDriver.bundle/Contents/MacOS/AppleIntelHD5000GraphicsGLDriver
0x00007fff8f8fc000 	/System/Library/PrivateFrameworks/IOAccelerator.framework/Versions/A/IOAccelerator
0x00007fff89267000 	/System/Library/PrivateFrameworks/GPUSupport.framework/Versions/A/Libraries/libGPUSupportMercury.dylib
0x00007fff9062a000 	/System/Library/Frameworks/OpenGL.framework/Versions/A/Resources/GLRendererFloat.bundle/GLRendererFloat
0x00007fff92ac7000 	/System/Library/Frameworks/OpenCL.framework/Versions/A/Libraries/libcldcpuengine.dylib
0x000000011bdf9000 	cl_kernels
0x000000012211a000 	/System/Library/Frameworks/OpenCL.framework/Versions/A/Libraries/ImageFormats/unorm8_bgra.dylib
0x000000011bdff000 	cl_kernels
0x0000000122899000 	/Users/bhaskarkoukuntla/Desktop/mcp908/jars/versions/1.7.10/1.7.10-natives/libtwitchsdk.dylib
0x00007fff8f9c7000 	/System/Library/Frameworks/AVFoundation.framework/Versions/A/AVFoundation
0x00007fff9072f000 	/System/Library/Frameworks/CoreMedia.framework/Versions/A/CoreMedia
0x00007fff8a22a000 	/System/Library/Frameworks/AVFoundation.framework/Versions/A/Resources/libAVFAudio.dylib
0x00007fff8a48f000 	/System/Library/Frameworks/MediaToolbox.framework/Versions/A/MediaToolbox
0x00007fff934d7000 	/System/Library/Frameworks/VideoToolbox.framework/Versions/A/VideoToolbox
0x00007fff8d1c7000 	/System/Library/Frameworks/CoreMediaIO.framework/Versions/A/CoreMediaIO
0x00007fff89000000 	/System/Library/PrivateFrameworks/CoreMediaAuthoring.framework/Versions/A/CoreMediaAuthoring
0x00007fff881aa000 	/System/Library/PrivateFrameworks/MediaControlSender.framework/Versions/A/MediaControlSender
0x00007fff90c89000 	/System/Library/PrivateFrameworks/CoreAVCHD.framework/Versions/A/CoreAVCHD
0x00007fff94eb9000 	/System/Library/Frameworks/MediaAccessibility.framework/Versions/A/MediaAccessibility
0x00007fff8d23c000 	/System/Library/PrivateFrameworks/Mangrove.framework/Versions/A/Mangrove
0x00007fff92b48000 	/System/Library/PrivateFrameworks/CoreAUC.framework/Versions/A/CoreAUC
0x00007fff8b494000 	/System/Library/PrivateFrameworks/Apple80211.framework/Versions/A/Apple80211
0x00007fff9307f000 	/System/Library/PrivateFrameworks/AppleSRP.framework/Versions/A/AppleSRP
0x00007fff955ee000 	/System/Library/PrivateFrameworks/CoreUtils.framework/Versions/A/CoreUtils
0x00007fff943a7000 	/System/Library/Frameworks/CoreWLAN.framework/Versions/A/CoreWLAN
0x00007fff8d033000 	/usr/lib/libpcap.A.dylib
0x00007fff94417000 	/System/Library/Frameworks/CoreWiFi.framework/Versions/A/CoreWiFi
0x00007fff8c4f8000 	/System/Library/PrivateFrameworks/AppleVA.framework/Versions/A/AppleVA
0x00007fff91a1b000 	/System/Library/PrivateFrameworks/XPCService.framework/Versions/A/XPCService
0x00007fff8d544000 	/System/Library/PrivateFrameworks/AppSandbox.framework/Versions/A/AppSandbox
0x00007fff8a086000 	/usr/lib/libsandbox.1.dylib
0x00007fff897d7000 	/System/Library/PrivateFrameworks/AppContainer.framework/Versions/A/AppContainer
0x00007fff92f88000 	/System/Library/PrivateFrameworks/SecCodeWrapper.framework/Versions/A/SecCodeWrapper
0x00007fff907df000 	/usr/lib/libMatch.1.dylib
0x0000000122242000 	/Users/bhaskarkoukuntla/Desktop/mcp908/jars/versions/1.7.10/1.7.10-natives/openal.dylib
0x0000000124245000 	/System/Library/Components/CoreAudio.component/Contents/MacOS/CoreAudio
0x000000012229e000 	/System/Library/Extensions/AppleHDA.kext/Contents/PlugIns/AppleHDAHALPlugIn.bundle/Contents/MacOS/AppleHDAHALPlugIn

VM Arguments:
jvm_args: -Xincgc -Xmx1024M -Xms1024M -Djava.library.path=/Users/bhaskarkoukuntla/Desktop/mcp908/jars/versions/1.7.10/1.7.10-natives -Dfile.encoding=UTF-8 
java_command: Start
java_class_path (initial): /Users/bhaskarkoukuntla/Desktop/mcp908/eclipse/Client/bin:/Users/bhaskarkoukuntla/Desktop/mcp908/jars/versions/1.7.10/1.7.10.jar:/Users/bhaskarkoukuntla/Desktop/mcp908/jars/libraries/org/apache/commons/commons-compress/1.8.1/commons-compress-1.8.1.jar:/Users/bhaskarkoukuntla/Desktop/mcp908/jars/libraries/org/apache/httpcomponents/httpclient/4.3.3/httpclient-4.3.3.jar:/Users/bhaskarkoukuntla/Desktop/mcp908/jars/libraries/commons-logging/commons-logging/1.1.3/commons-logging-1.1.3.jar:/Users/bhaskarkoukuntla/Desktop/mcp908/jars/libraries/org/apache/httpcomponents/httpcore/4.3.2/httpcore-4.3.2.jar:/Users/bhaskarkoukuntla/Desktop/mcp908/jars/libraries/java3d/vecmath/1.3.1/vecmath-1.3.1.jar:/Users/bhaskarkoukuntla/Desktop/mcp908/jars/libraries/net/sf/trove4j/trove4j/3.0.3/trove4j-3.0.3.jar:/Users/bhaskarkoukuntla/Desktop/mcp908/jars/libraries/com/ibm/icu/icu4j-core-mojang/51.2/icu4j-core-mojang-51.2.jar:/Users/bhaskarkoukuntla/Desktop/mcp908/jars/libraries/net/sf/jopt-simple/jopt-simple/4.5/jopt-simple-4.5.jar:/Users/bhaskarkoukuntla/Desktop/mcp908/jars/libraries/com/paulscode/codecjorbis/20101023/codecjorbis-20101023.jar:/Users/bhaskarkoukuntla/Desktop/mcp908/jars/libraries/com/paulscode/codecwav/20101023/codecwav-20101023.jar:/Users/bhaskarkoukuntla/Desktop/mcp908/jars/libraries/com/paulscode/libraryjavasound/20101123/libraryjavasound-20101123.jar:/Users/bhaskarkoukuntla/Desktop/mcp908/jars/libraries/com/paulscode/librarylwjglopenal/20100824/librarylwjglopenal-20100824.jar:/Users/bhaskarkoukuntla/Desktop/mcp908/jars/libraries/com/paulscode/soundsystem/20120107/soundsystem-20120107.jar:/Users/bhaskarkoukuntla/Desktop/mcp908/jars/libraries/io/netty/netty-all/4.0.10.Final/netty-all-4.0.10.Final.jar:/Users/bhaskarkoukuntla/Desktop/mcp908/jars/libraries/com/google/guava/guava/15.0/guava-15.0.jar:/Users/bhaskarkoukuntla/Desktop/mcp908/jars/libraries/org/apache/commons/commons-lang3/3.1/commons-lang3-3.1.jar:/Users/bhaskarkoukuntla/Desktop/mcp908/
Launcher Type: SUN_STANDARD

Environment Variables:
PATH=/usr/bin:/bin:/usr/sbin:/sbin
SHELL=/bin/bash

Signal Handlers:
SIGSEGV: [libjvm.dylib+0x5b6029], sa_mask[0]=11111111011111110111111111111111, sa_flags=SA_ONSTACK|SA_RESTART|SA_SIGINFO
SIGBUS: [libjvm.dylib+0x5b6029], sa_mask[0]=11111111011111110111111111111111, sa_flags=SA_RESTART|SA_SIGINFO
SIGFPE: [libjvm.dylib+0x48b934], sa_mask[0]=11111111011111110111111111111111, sa_flags=SA_RESTART|SA_SIGINFO
SIGPIPE: [libjvm.dylib+0x48b934], sa_mask[0]=11111111011111110111111111111111, sa_flags=SA_RESTART|SA_SIGINFO
SIGXFSZ: [libjvm.dylib+0x48b934], sa_mask[0]=11111111011111110111111111111111, sa_flags=SA_RESTART|SA_SIGINFO
SIGILL: [libjvm.dylib+0x48b934], sa_mask[0]=11111111011111110111111111111111, sa_flags=SA_RESTART|SA_SIGINFO
SIGUSR1: SIG_DFL, sa_mask[0]=00000000000000000000000000000000, sa_flags=SA_RESTART
SIGUSR2: [libjvm.dylib+0x48b452], sa_mask[0]=00100000000000000000000000000000, sa_flags=SA_RESTART|SA_SIGINFO
SIGHUP: [libjvm.dylib+0x489a1d], sa_mask[0]=11111111011111110111111111111111, sa_flags=SA_RESTART|SA_SIGINFO
SIGINT: [libjvm.dylib+0x489a1d], sa_mask[0]=11111111011111110111111111111111, sa_flags=SA_RESTART|SA_SIGINFO
SIGTERM: [libjvm.dylib+0x489a1d], sa_mask[0]=11111111011111110111111111111111, sa_flags=SA_RESTART|SA_SIGINFO
SIGQUIT: [libjvm.dylib+0x489a1d], sa_mask[0]=11111111011111110111111111111111, sa_flags=SA_RESTART|SA_SIGINFO


---------------  S Y S T E M  ---------------

OS:Bsduname:Darwin 13.4.0 Darwin Kernel Version 13.4.0: Mon Jan 11 18:17:34 PST 2016; root:xnu-2422.115.15~1/RELEASE_X86_64 x86_64
rlimit: STACK 8192k, CORE 0k, NPROC 709, NOFILE 10240, AS infinity
load average:4.38 4.33 3.50

CPU:total 4 (initial active 4) (2 cores per cpu, 2 threads per core) family 6 model 69 stepping 1, cmov, cx8, fxsr, mmx, sse, sse2, sse3, ssse3, sse4.1, sse4.2, popcnt, avx, avx2, aes, clmul, erms, lzcnt, ht, tsc, tscinvbit, bmi1, bmi2

Memory: 4k page, physical 4194304k(9564k free)

/proc/meminfo:


vm_info: Java HotSpot(TM) 64-Bit Server VM (25.181-b13) for bsd-amd64 JRE (1.8.0_181-b13), built on Jul  7 2018 01:02:31 by "java_re" with gcc 4.2.1 (Based on Apple Inc. build 5658) (LLVM build 2336.11.00)

time: Fri Jul 12 08:42:47 2019
elapsed time: 22 seconds (0d 0h 0m 22s)

