#
# A fatal error has been detected by the Java Runtime Environment:
#
#  SIGSEGV (0xb) at pc=0x0000000000000000, pid=3133, tid=0x0000000000002f03
#
# JRE version: Java(TM) SE Runtime Environment (8.0_181-b13) (build 1.8.0_181-b13)
# Java VM: Java HotSpot(TM) 64-Bit Server VM (25.181-b13 mixed mode bsd-amd64 compressed oops)
# Problematic frame:
# C  0x0000000000000000
#
# Failed to write core dump. Core dumps have been disabled. To enable core dumping, try "ulimit -c unlimited" before starting Java again
#
# If you would like to submit a bug report, please visit:
#   http://bugreport.java.com/bugreport/crash.jsp
#

---------------  T H R E A D  ---------------

Current thread (0x00007fbf2c02d000):  VMThread [stack: 0x0000000116ff8000,0x00000001170f8000] [id=12035]

siginfo: si_signo: 11 (SIGSEGV), si_code: 1 (SEGV_MAPERR), si_addr: 0x0000000000000000

Registers:
RAX=0x000000011895ba60, RBX=0x00000001170f6d38, RCX=0x0000000000000103, RDX=0x00000000000001d6
RSP=0x00000001170f6d28, RBP=0x00000001170f6d70, RSI=0x0000000787d4e470, RDI=0x00000007c0257de8
R8 =0x0000000000000000, R9 =0x000000000000002d, R10=0x0000000000005a00, R11=0x0000000060aa6c31
R12=0x0000000102c45e40, R13=0x0000000787d4e470, R14=0x0000000102cf6c80, R15=0x0000000102cefda4
RIP=0x0000000000000000, EFLAGS=0x0000000000010206, ERR=0x0000000000000014
  TRAPNO=0x000000000000000e

Top of Stack: (sp=0x00000001170f6d28)
0x00000001170f6d28:   000000010282fdb9 00007fbf2b6daac0
0x00000001170f6d38:   00007fbf30a99838 00007fbf2f169560
0x00000001170f6d48:   0000000000000000 0000000102cf6e20
0x00000001170f6d58:   0000000102cf6dd0 00007fbf2b676800
0x00000001170f6d68:   00007fbf2b676800 00000001170f6d90
0x00000001170f6d78:   00000001028307cd 00007fbf2b676800
0x00000001170f6d88:   0000000102cf6dd0 00000001170f6db0
0x00000001170f6d98:   0000000102970643 0000000102cf6e20
0x00000001170f6da8:   0000000102cf6dd0 00000001170f73f0
0x00000001170f6db8:   0000000102970688 00007fff94f454a9
0x00000001170f6dc8:   00000001170f74a8 00000001170f6df0
0x00000001170f6dd8:   0000000102884729 00000001170f6e28
0x00000001170f6de8:   00000001170f6e3e 00000001170f6e10
0x00000001170f6df8:   0000000102884093 00000001170f6fa0
0x00000001170f6e08:   00000001170f6fa0 00000001170f6e90
0x00000001170f6e18:   00000001028842b1 000000012b17a038
0x00000001170f6e28:   00007fbf2a413880 0000000100000008
0x00000001170f6e38:   1e01000000000002 00000001029fffff
0x00000001170f6e48:   00007fbf2a706dd0 00000001170f6e70
0x00000001170f6e58:   000000010287158a 00000001170f6e80
0x00000001170f6e68:   000000010287158a 00000001170f6e90
0x00000001170f6e78:   00000001170f6f28 00000001170f6ea0
0x00000001170f6e88:   000000010286be74 00000001170f6f28
0x00000001170f6e98:   00000001034b4948 00000001170f6ee0
0x00000001170f6ea8:   000000010264dd00 00000001034b46c0
0x00000001170f6eb8:   00000001170f6f28 00000001170f6f28
0x00000001170f6ec8:   00000001170f75d0 00000001170f6fa0
0x00000001170f6ed8:   00000001170f6f70 00000001170f6f10
0x00000001170f6ee8:   000000010264df5b 00000001170f6f70
0x00000001170f6ef8:   00007fbf2a704700 00000001170f6f70
0x00000001170f6f08:   00007fbf2a60f030 00000001170f6f60
0x00000001170f6f18:   00000001025f3ee5 00000001034b4090 

Instructions: (pc=0x0000000000000000)
0xffffffffffffffe0:   

Register to memory mapping:

RAX=0x000000011895ba60 is pointing into metadata
RBX=0x00000001170f6d38 is an unknown value
RCX=0x0000000000000103 is an unknown value
RDX=0x00000000000001d6 is an unknown value
RSP=0x00000001170f6d28 is an unknown value
RBP=0x00000001170f6d70 is an unknown value
RSI=0x0000000787d4e470 is an oop
