#
# A fatal error has been detected by the Java Runtime Environment:
#
#  SIGSEGV (0xb) at pc=0x0000000102dd1318, pid=3683, tid=0x0000000000002d03
#
# JRE version: Java(TM) SE Runtime Environment (8.0_181-b13) (build 1.8.0_181-b13)
# Java VM: Java HotSpot(TM) 64-Bit Server VM (25.181-b13 mixed mode bsd-amd64 compressed oops)
# Problematic frame:
# V  [libjvm.dylib+0x1d1318]
#
# Failed to write core dump. Core dumps have been disabled. To enable core dumping, try "ulimit -c unlimited" before starting Java again
#
# If you would like to submit a bug report, please visit:
#   http://bugreport.java.com/bugreport/crash.jsp
#

---------------  T H R E A D  ---------------

Current thread (0x00007fb5c9033800):  ConcurrentGCThread [stack: 0x0000000116aad000,0x0000000116bad000] [id=11523]

siginfo: si_signo: 11 (SIGSEGV), si_code: 1 (SEGV_MAPERR), si_addr: 0x0000000000000238

Registers:
RAX=0x0000000000000000, RBX=0x00000001034efda4, RCX=0x00007fb5c9006803, RDX=0x0000000116baca50
RSP=0x0000000116baca50, RBP=0x0000000116bacae0, RSI=0x000000079a14f470, RDI=0x00000007c001d718
R8 =0x0000000794cc0000, R9 =0x00000001034d3960, R10=0x0000000000000000, R11=0x0000000000000202
R12=0x00000001034ea814, R13=0x0000000103445e40, R14=0x0000000116bacb88, R15=0x0000000116baca50
RIP=0x0000000102dd1318, EFLAGS=0x0000000000010206, ERR=0x0000000000000004
  TRAPNO=0x000000000000000e

Top of Stack: (sp=0x0000000116baca50)
0x0000000116baca50:   00000001034d3960 00007fff87fb7800
0x0000000116baca60:   00007fb5c870c030 00000001034d8f10
0x0000000116baca70:   0000000116baca00 0000000116baca50
0x0000000116baca80:   00007fb5c9006400 0000000794cc0000
0x0000000116baca90:   0000000005668000 00007fb5c9006748
0x0000000116bacaa0:   00007fb5c90068c8 000000079a1a8790
0x0000000116bacab0:   0000000116bacb88 0000000116bacb88
0x0000000116bacac0:   000000079a1a8758 0000000000a9d0eb
0x0000000116bacad0:   0000000000a9d0eb 0000000794cc0000
0x0000000116bacae0:   0000000116bacb20 0000000102dccb79
0x0000000116bacaf0:   0000000116bacb10 0000000000153a18
0x0000000116bacb00:   00007fb5c90067d0 0000000000a9d0eb
0x0000000116bacb10:   0000000005668000 0000000116bacb88
0x0000000116bacb20:   0000000116bacb70 0000000102cd6eab
0x0000000116bacb30:   0000000000159a00 0000000000a9d100
0x0000000116bacb40:   000000000002a743 0000000000000001
0x0000000116bacb50:   00007fb5c90067d0 0000000116bacb88
0x0000000116bacb60:   00007fb5c9006400 00007fb5c870c030
0x0000000116bacb70:   0000000116bacc60 0000000102dd4d33
0x0000000116bacb80:   0000000116bacbe0 00000001034d38a0
0x0000000116bacb90:   00007fb5c9006400 0000000794cc0000
0x0000000116bacba0:   0000000005668000 00007fb5c9006748
0x0000000116bacbb0:   00007fb5c9006808 00007fb5c90068c8
0x0000000116bacbc0:   0000000016bacc01 000000079a1a8790
0x0000000116bacbd0:   000000079a1a8800 00007fb5c9033800
0x0000000116bacbe0:   00007fb5c8516f50 00007fb5c8516f90
0x0000000116bacbf0:   00007fb5c8516fa0 00007fb5c8517078
0x0000000116bacc00:   00000000000000d8 00007fb5c8517190
0x0000000116bacc10:   00007fb5c8516b30 00007fb5c8516b60
0x0000000116bacc20:   00007fb5c8516b70 00007fb5c8516f48
0x0000000116bacc30:   00000000000003d8 00007fb5c9006b01
0x0000000116bacc40:   00000001031e9562 00000001031e9598 

Instructions: (pc=0x0000000102dd1318)
0x0000000102dd12f8:   f8 80 3b 00 74 10 41 8a 4d 08 8b 7e 08 48 d3 e7
0x0000000102dd1308:   49 03 7d 00 eb 04 48 8b 7e 08 48 8b 07 4c 89 fa
0x0000000102dd1318:   ff 90 38 02 00 00 41 83 3c 24 00 7f 0f 49 8b 4e
0x0000000102dd1328:   30 48 8b 41 78 48 85 c0 75 ad eb 1a 80 3d c5 94 

Register to memory mapping:

RAX=0x0000000000000000 is an unknown value
RBX=0x00000001034efda4: UseCompressedClassPointers+0 in /Library/Java/JavaVirtualMachines/jdk1.8.0_181.jdk/Contents/Home/jre/lib/server/libjvm.dylib at 0x0000000102c00000
RCX=0x00007fb5c9006803 is an unknown value
RDX=0x0000000116baca50 is an unknown value
RSP=0x0000000116baca50 is an unknown value
RBP=0x0000000116bacae0 is an unknown value
RSI=
[error occurred during error reporting (printing register info), id 0xb]

Stack: [0x0000000116aad000,0x0000000116bad000],  sp=0x0000000116baca50,  free space=1022k
Native frames: (J=compiled Java code, j=interpreted, Vv=VM code, C=native code)
V  [libjvm.dylib+0x1d1318]
V  [libjvm.dylib+0x1ccb79]
V  [libjvm.dylib+0xd6eab]
V  [libjvm.dylib+0x1d4d33]
V  [libjvm.dylib+0x1d4f90]
V  [libjvm.dylib+0x1d6e75]
V  [libjvm.dylib+0x1d8f98]
V  [libjvm.dylib+0x1dd169]
V  [libjvm.dylib+0x48e342]
C  [libsystem_pthread.dylib+0x1899]  _pthread_body+0x8a
C  [libsystem_pthread.dylib+0x172a]  _pthread_struct_init+0x0
C  [libsystem_pthread.dylib+0x5fc9]  thread_start+0xd


---------------  P R O C E S S  ---------------

Java Threads: ( => current thread )
  0x00007fb5cea03000 JavaThread "File IO Thread" [_thread_blocked, id=76311, stack(0x0000000122ca6000,0x0000000122da6000)]
  0x00007fb5cfb39000 JavaThread "pool-2-thread-1" [_thread_blocked, id=14863, stack(0x0000000117af7000,0x0000000117bf7000)]
  0x00007fb5ce52a800 JavaThread "Netty IO #1" daemon [_thread_in_native, id=74243, stack(0x0000000122676000,0x0000000122776000)]
  0x00007fb5ce5d1000 JavaThread "Netty Client IO #0" daemon [_thread_in_native, id=73739, stack(0x0000000122573000,0x0000000122673000)]
  0x00007fb5cd177000 JavaThread "Netty IO #0" daemon [_thread_in_native, id=56335, stack(0x0000000122470000,0x0000000122570000)]
  0x00007fb5ce45f000 JavaThread "Server thread" [_thread_blocked, id=30491, stack(0x000000012146b000,0x000000012156b000)]
  0x00007fb5ce49a000 JavaThread "process reaper" daemon [_thread_blocked, id=36871, stack(0x0000000118a60000,0x0000000118a88000)]
  0x00007fb5ce94b800 JavaThread "Snooper Timer" daemon [_thread_blocked, id=22799, stack(0x0000000121239000,0x0000000121339000)]
  0x00007fb5c92f9000 JavaThread "Thread-6" [_thread_blocked, id=56835, stack(0x0000000120a6c000,0x0000000120b6c000)]
  0x00007fb5ca3fa800 JavaThread "Thread-5" [_thread_blocked, id=55823, stack(0x0000000120949000,0x0000000120a49000)]
  0x00007fb5c8bbd800 JavaThread "Java2D Disposer" daemon [_thread_blocked, id=54579, stack(0x000000011f27f000,0x000000011f37f000)]
  0x00007fb5ca16d000 JavaThread "Timer hack thread" daemon [_thread_blocked, id=48903, stack(0x000000011d8d1000,0x000000011d9d1000)]
  0x00007fb5ca16e000 JavaThread "Snooper Timer" daemon [_thread_blocked, id=48647, stack(0x000000011d7ce000,0x000000011d8ce000)]
  0x00007fb5c9250000 JavaThread "AppKit Thread" daemon [_thread_in_native, id=3335, stack(0x00007fff5d1c3000,0x00007fff5d9c3000)]
  0x00007fb5c8873800 JavaThread "Service Thread" daemon [_thread_blocked, id=21251, stack(0x000000011810c000,0x000000011820c000)]
  0x00007fb5c9069800 JavaThread "C1 CompilerThread2" daemon [_thread_blocked, id=20739, stack(0x0000000118009000,0x0000000118109000)]
  0x00007fb5c9066800 JavaThread "C2 CompilerThread1" daemon [_thread_in_native, id=20227, stack(0x0000000117f06000,0x0000000118006000)]
  0x00007fb5c9063000 JavaThread "C2 CompilerThread0" daemon [_thread_blocked, id=19715, stack(0x0000000117e03000,0x0000000117f03000)]
  0x00007fb5c8818000 JavaThread "Signal Dispatcher" daemon [_thread_blocked, id=19203, stack(0x0000000117d00000,0x0000000117e00000)]
  0x00007fb5c8805000 JavaThread "Surrogate Locker Thread (Concurrent GC)" daemon [_thread_blocked, id=16711, stack(0x0000000117bfd000,0x0000000117cfd000)]
  0x00007fb5ca006000 JavaThread "Finalizer" daemon [_thread_blocked, id=13059, stack(0x00000001179ac000,0x0000000117aac000)]
  0x00007fb5c9062800 JavaThread "Reference Handler" daemon [_thread_blocked, id=12547, stack(0x00000001178a9000,0x00000001179a9000)]
  0x00007fb5c8806800 JavaThread "Client thread" [_thread_in_native, id=6403, stack(0x0000000103bb5000,0x0000000103cb5000)]

Other Threads:
  0x00007fb5c983a000 VMThread [stack: 0x00000001177a6000,0x00000001178a6000] [id=12035]
  0x00007fb5c880f800 WatcherThread [stack: 0x000000011820f000,0x000000011830f000] [id=21763]

=>0x00007fb5c9033800 (exited) ConcurrentGCThread [stack: 0x0000000116aad000,0x0000000116bad000] [id=11523]

VM state:not at safepoint (normal execution)

VM Mutex/Monitor currently owned by a thread: None

Heap:
 par new generation   total 306688K, used 171331K [0x0000000780000000, 0x0000000794cc0000, 0x0000000794cc0000)
  eden space 272640K,  50% used [0x0000000780000000, 0x0000000788610db8, 0x0000000790a40000)
  from space 34048K, 100% used [0x0000000792b80000, 0x0000000794cc0000, 0x0000000794cc0000)
  to   space 34048K,   0% used [0x0000000790a40000, 0x0000000790a40000, 0x0000000792b80000)
 concurrent mark-sweep generation total 707840K, used 111070K [0x0000000794cc0000, 0x00000007c0000000, 0x00000007c0000000)
 Metaspace       used 32372K, capacity 32599K, committed 32876K, reserved 1079296K
  class space    used 3688K, capacity 3774K, committed 3788K, reserved 1048576K

Card table byte_map: [0x0000000113483000,0x0000000113684000] byte_map_base: 0x000000010f883000

Marking Bits: (CMSBitMap*) 0x00007fb5c9006748
 Bits: [0x0000000113bde000, 0x00000001146ab000)

Mod Union Table: (CMSBitMap*) 0x00007fb5c9006808
 Bits: [0x00000001023aa000, 0x00000001023d5340)

Polling page: 0x0000000102396000

CodeCache: size=245760Kb used=21178Kb max_used=21531Kb free=224582Kb
 bounds [0x0000000103cb7000, 0x0000000105207000, 0x0000000112cb7000]
 total_blobs=5525 nmethods=4806 adapters=631
 compilation: enabled

Compilation events (10 events):
Event: 56.259 Thread 0x00007fb5c9069800 nmethod 6307 0x0000000104bf2ad0 code [0x0000000104bf2da0, 0x0000000104bf40d8]
Event: 56.367 Thread 0x00007fb5c9066800 6308       4       net.minecraft.entity.monster.EntityZombie::onLivingUpdate (217 bytes)
Event: 56.390 Thread 0x00007fb5c9066800 nmethod 6308 0x0000000105142610 code [0x00000001051428c0, 0x00000001051432f8]
Event: 56.496 Thread 0x00007fb5c9063000 6309       4       net.minecraft.tileentity.TileEntityChest::updateEntity (587 bytes)
Event: 56.504 Thread 0x00007fb5c9063000 nmethod 6309 0x0000000105144250 code [0x00000001051444a0, 0x0000000105144a68]
Event: 56.646 Thread 0x00007fb5c9066800 6310   !   4       net.minecraft.world.SpawnerAnimals::findChunksForSpawning (1209 bytes)
Event: 56.658 Thread 0x00007fb5c9063000 6311       4       net.minecraft.client.renderer.texture.TextureAtlasSprite::updateAnimation (161 bytes)
Event: 56.679 Thread 0x00007fb5c9063000 nmethod 6311 0x000000010513e490 code [0x000000010513e660, 0x000000010513ec58]
Event: 56.959 Thread 0x00007fb5c9069800 6312       3       net.minecraft.entity.ai.EntityAILookIdle::updateTask (71 bytes)
Event: 56.960 Thread 0x00007fb5c9069800 nmethod 6312 0x0000000104bfd310 code [0x0000000104bfd4a0, 0x0000000104bfd938]

GC Heap History (10 events):
Event: 26.566 GC heap before
{Heap before GC invocations=2 (full 1):
 par new generation   total 306688K, used 121144K [0x0000000780000000, 0x0000000794cc0000, 0x0000000794cc0000)
  eden space 272640K,  39% used [0x0000000780000000, 0x00000007869f2d50, 0x0000000790a40000)
  from space 34048K,  37% used [0x0000000790a40000, 0x000000079169b4a0, 0x0000000792b80000)
  to   space 34048K,   0% used [0x0000000792b80000, 0x0000000792b80000, 0x0000000794cc0000)
 concurrent mark-sweep generation total 707840K, used 24034K [0x0000000794cc0000, 0x00000007c0000000, 0x00000007c0000000)
 Metaspace       used 27807K, capacity 27957K, committed 28268K, reserved 1075200K
  class space    used 3398K, capacity 3461K, committed 3532K, reserved 1048576K
Event: 26.663 GC heap after
Heap after GC invocations=3 (full 2):
 par new generation   total 306688K, used 0K [0x0000000780000000, 0x0000000794cc0000, 0x0000000794cc0000)
  eden space 272640K,   0% used [0x0000000780000000, 0x0000000780000000, 0x0000000790a40000)
  from space 34048K,   0% used [0x0000000790a40000, 0x0000000790a40000, 0x0000000792b80000)
  to   space 34048K,   0% used [0x0000000792b80000, 0x0000000792b80000, 0x0000000794cc0000)
 concurrent mark-sweep generation total 707840K, used 25944K [0x0000000794cc0000, 0x00000007c0000000, 0x00000007c0000000)
 Metaspace       used 27807K, capacity 27957K, committed 28268K, reserved 1075200K
  class space    used 3398K, capacity 3461K, committed 3532K, reserved 1048576K
}
Event: 26.663 GC heap before
{Heap before GC invocations=3 (full 2):
 par new generation   total 306688K, used 0K [0x0000000780000000, 0x0000000794cc0000, 0x0000000794cc0000)
  eden space 272640K,   0% used [0x0000000780000000, 0x0000000780000000, 0x0000000790a40000)
  from space 34048K,   0% used [0x0000000790a40000, 0x0000000790a40000, 0x0000000792b80000)
  to   space 34048K,   0% used [0x0000000792b80000, 0x0000000792b80000, 0x0000000794cc0000)
 concurrent mark-sweep generation total 707840K, used 25944K [0x0000000794cc0000, 0x00000007c0000000, 0x00000007c0000000)
 Metaspace       used 27807K, capacity 27957K, committed 28268K, reserved 1075200K
  class space    used 3398K, capacity 3461K, committed 3532K, reserved 1048576K
Event: 26.713 GC heap after
Heap after GC invocations=4 (full 3):
 par new generation   total 306688K, used 0K [0x0000000780000000, 0x0000000794cc0000, 0x0000000794cc0000)
  eden space 272640K,   0% used [0x0000000780000000, 0x0000000780000000, 0x0000000790a40000)
  from space 34048K,   0% used [0x0000000790a40000, 0x0000000790a40000, 0x0000000792b80000)
  to   space 34048K,   0% used [0x0000000792b80000, 0x0000000792b80000, 0x0000000794cc0000)
 concurrent mark-sweep generation total 707840K, used 25944K [0x0000000794cc0000, 0x00000007c0000000, 0x00000007c0000000)
 Metaspace       used 27807K, capacity 27957K, committed 28268K, reserved 1075200K
  class space    used 3398K, capacity 3461K, committed 3532K, reserved 1048576K
}
Event: 27.910 GC heap before
{Heap before GC invocations=4 (full 3):
 par new generation   total 306688K, used 183143K [0x0000000780000000, 0x0000000794cc0000, 0x0000000794cc0000)
  eden space 272640K,  67% used [0x0000000780000000, 0x000000078b2d9e98, 0x0000000790a40000)
  from space 34048K,   0% used [0x0000000790a40000, 0x0000000790a40000, 0x0000000792b80000)
  to   space 34048K,   0% used [0x0000000792b80000, 0x0000000792b80000, 0x0000000794cc0000)
 concurrent mark-sweep generation total 707840K, used 25944K [0x0000000794cc0000, 0x00000007c0000000, 0x00000007c0000000)
 Metaspace       used 30296K, capacity 30535K, committed 30828K, reserved 1077248K
  class space    used 3658K, capacity 3734K, committed 3788K, reserved 1048576K
Event: 27.964 GC heap after
Heap after GC invocations=5 (full 3):
 par new generation   total 306688K, used 34048K [0x0000000780000000, 0x0000000794cc0000, 0x0000000794cc0000)
  eden space 272640K,   0% used [0x0000000780000000, 0x0000000780000000, 0x0000000790a40000)
  from space 34048K, 100% used [0x0000000792b80000, 0x0000000794cc0000, 0x0000000794cc0000)
  to   space 34048K,   0% used [0x0000000790a40000, 0x0000000790a40000, 0x0000000792b80000)
 concurrent mark-sweep generation total 707840K, used 49605K [0x0000000794cc0000, 0x00000007c0000000, 0x00000007c0000000)
 Metaspace       used 30296K, capacity 30535K, committed 30828K, reserved 1077248K
  class space    used 3658K, capacity 3734K, committed 3788K, reserved 1048576K
}
Event: 28.839 GC heap before
{Heap before GC invocations=5 (full 4):
 par new generation   total 306688K, used 306688K [0x0000000780000000, 0x0000000794cc0000, 0x0000000794cc0000)
  eden space 272640K, 100% used [0x0000000780000000, 0x0000000790a40000, 0x0000000790a40000)
  from space 34048K, 100% used [0x0000000792b80000, 0x0000000794cc0000, 0x0000000794cc0000)
  to   space 34048K,   0% used [0x0000000790a40000, 0x0000000790a40000, 0x0000000792b80000)
 concurrent mark-sweep generation total 707840K, used 49605K [0x0000000794cc0000, 0x00000007c0000000, 0x00000007c0000000)
 Metaspace       used 31150K, capacity 31377K, committed 31596K, reserved 1077248K
  class space    used 3678K, capacity 3773K, committed 3788K, reserved 1048576K
Event: 28.913 GC heap after
Heap after GC invocations=6 (full 4):
 par new generation   total 306688K, used 33237K [0x0000000780000000, 0x0000000794cc0000, 0x0000000794cc0000)
  eden space 272640K,   0% used [0x0000000780000000, 0x0000000780000000, 0x0000000790a40000)
  from space 34048K,  97% used [0x0000000790a40000, 0x0000000792ab5518, 0x0000000792b80000)
  to   space 34048K,   0% used [0x0000000792b80000, 0x0000000792b80000, 0x0000000794cc0000)
 concurrent mark-sweep generation total 707840K, used 83603K [0x0000000794cc0000, 0x00000007c0000000, 0x00000007c0000000)
 Metaspace       used 31150K, capacity 31377K, committed 31596K, reserved 1077248K
  class space    used 3678K, capacity 3773K, committed 3788K, reserved 1048576K
}
Event: 40.491 GC heap before
{Heap before GC invocations=6 (full 4):
 par new generation   total 306688K, used 300832K [0x0000000780000000, 0x0000000794cc0000, 0x0000000794cc0000)
  eden space 272640K,  98% used [0x0000000780000000, 0x0000000790552c18, 0x0000000790a40000)
  from space 34048K,  97% used [0x0000000790a40000, 0x0000000792ab5518, 0x0000000792b80000)
  to   space 34048K,   0% used [0x0000000792b80000, 0x0000000792b80000, 0x0000000794cc0000)
 concurrent mark-sweep generation total 707840K, used 82275K [0x0000000794cc0000, 0x00000007c0000000, 0x00000007c0000000)
 Metaspace       used 32222K, capacity 32471K, committed 32620K, reserved 1079296K
  class space    used 3688K, capacity 3774K, committed 3788K, reserved 1048576K
Event: 40.540 GC heap after
Heap after GC invocations=7 (full 4):
 par new generation   total 306688K, used 34048K [0x0000000780000000, 0x0000000794cc0000, 0x0000000794cc0000)
  eden space 272640K,   0% used [0x0000000780000000, 0x0000000780000000, 0x0000000790a40000)
  from space 34048K, 100% used [0x0000000792b80000, 0x0000000794cc0000, 0x0000000794cc0000)
  to   space 34048K,   0% used [0x0000000790a40000, 0x0000000790a40000, 0x0000000792b80000)
 concurrent mark-sweep generation total 707840K, used 111070K [0x0000000794cc0000, 0x00000007c0000000, 0x00000007c0000000)
 Metaspace       used 32222K, capacity 32471K, committed 32620K, reserved 1079296K
  class space    used 3688K, capacity 3774K, committed 3788K, reserved 1048576K
}

Deoptimization events (10 events):
Event: 48.245 Thread 0x00007fb5ce45f000 Uncommon trap: reason=unstable_if action=reinterpret pc=0x0000000105119ec8 method=net.minecraft.entity.Entity.moveEntity(DDD)V @ 2012
Event: 48.298 Thread 0x00007fb5ce45f000 Uncommon trap: reason=unstable_if action=reinterpret pc=0x00000001050ba608 method=net.minecraft.entity.Entity.onEntityUpdate()V @ 494
Event: 50.945 Thread 0x00007fb5ce45f000 Uncommon trap: reason=unstable_if action=reinterpret pc=0x00000001046f3acc method=net.minecraft.entity.EntityLiving.despawnEntity()V @ 183
Event: 54.396 Thread 0x00007fb5ce45f000 Uncommon trap: reason=bimorphic action=maybe_recompile pc=0x00000001051041c8 method=net.minecraft.entity.EntityLiving.despawnEntity()V @ 209
Event: 54.533 Thread 0x00007fb5c8806800 Uncommon trap: reason=unstable_if action=reinterpret pc=0x0000000104e137c8 method=net.minecraft.client.renderer.RenderBlocks.setRenderBoundsFromBlock(Lnet/minecraft/block/Block;)V @ 112
Event: 54.533 Thread 0x00007fb5c8806800 Uncommon trap: reason=unstable_if action=reinterpret pc=0x0000000104dcff70 method=net.minecraft.client.renderer.RenderBlocks.setRenderBoundsFromBlock(Lnet/minecraft/block/Block;)V @ 112
Event: 56.146 Thread 0x00007fb5ce45f000 Uncommon trap: reason=class_check action=maybe_recompile pc=0x000000010518ebdc method=net.minecraft.entity.Entity.onEntityUpdate()V @ 544
Event: 56.196 Thread 0x00007fb5ce45f000 Uncommon trap: reason=class_check action=maybe_recompile pc=0x000000010518ebdc method=net.minecraft.entity.Entity.onEntityUpdate()V @ 544
Event: 56.246 Thread 0x00007fb5ce45f000 Uncommon trap: reason=class_check action=maybe_recompile pc=0x000000010518ebdc method=net.minecraft.entity.Entity.onEntityUpdate()V @ 544
Event: 56.959 Thread 0x00007fb5ce45f000 Uncommon trap: reason=bimorphic action=maybe_recompile pc=0x00000001051041c8 method=net.minecraft.entity.EntityLiving.despawnEntity()V @ 209

Classes redefined (0 events):
No events

Internal exceptions (10 events):
Event: 56.883 Thread 0x00007fb5ca3fa800 Exception <a 'java/lang/InterruptedException': sleep interrupted> (0x0000000786328330) thrown at [/Users/java_re/workspace/8-2-build-macosx-x86_64/jdk8u181/11358/hotspot/src/share/vm/prims/jvm.cpp, line 3273]
Event: 56.887 Thread 0x00007fb5ca3fa800 Exception <a 'java/lang/InterruptedException': sleep interrupted> (0x0000000786328588) thrown at [/Users/java_re/workspace/8-2-build-macosx-x86_64/jdk8u181/11358/hotspot/src/share/vm/prims/jvm.cpp, line 3273]
Event: 56.892 Thread 0x00007fb5ca3fa800 Exception <a 'java/lang/InterruptedException': sleep interrupted> (0x00000007863287e0) thrown at [/Users/java_re/workspace/8-2-build-macosx-x86_64/jdk8u181/11358/hotspot/src/share/vm/prims/jvm.cpp, line 3273]
Event: 56.902 Thread 0x00007fb5ca3fa800 Exception <a 'java/lang/InterruptedException': sleep interrupted> (0x0000000786328a38) thrown at [/Users/java_re/workspace/8-2-build-macosx-x86_64/jdk8u181/11358/hotspot/src/share/vm/prims/jvm.cpp, line 3273]
Event: 56.967 Thread 0x00007fb5ca3fa800 Exception <a 'java/lang/InterruptedException': sleep interrupted> (0x0000000786328c90) thrown at [/Users/java_re/workspace/8-2-build-macosx-x86_64/jdk8u181/11358/hotspot/src/share/vm/prims/jvm.cpp, line 3273]
Event: 56.973 Thread 0x00007fb5ca3fa800 Exception <a 'java/lang/InterruptedException': sleep interrupted> (0x0000000786328ee8) thrown at [/Users/java_re/workspace/8-2-build-macosx-x86_64/jdk8u181/11358/hotspot/src/share/vm/prims/jvm.cpp, line 3273]
Event: 56.987 Thread 0x00007fb5ca3fa800 Exception <a 'java/lang/InterruptedException': sleep interrupted> (0x0000000786329140) thrown at [/Users/java_re/workspace/8-2-build-macosx-x86_64/jdk8u181/11358/hotspot/src/share/vm/prims/jvm.cpp, line 3273]
Event: 56.992 Thread 0x00007fb5ca3fa800 Exception <a 'java/lang/InterruptedException': sleep interrupted> (0x0000000786329398) thrown at [/Users/java_re/workspace/8-2-build-macosx-x86_64/jdk8u181/11358/hotspot/src/share/vm/prims/jvm.cpp, line 3273]
Event: 56.997 Thread 0x00007fb5ca3fa800 Exception <a 'java/lang/InterruptedException': sleep interrupted> (0x00000007863295f0) thrown at [/Users/java_re/workspace/8-2-build-macosx-x86_64/jdk8u181/11358/hotspot/src/share/vm/prims/jvm.cpp, line 3273]
Event: 57.004 Thread 0x00007fb5ca3fa800 Exception <a 'java/lang/InterruptedException': sleep interrupted> (0x0000000786329848) thrown at [/Users/java_re/workspace/8-2-build-macosx-x86_64/jdk8u181/11358/hotspot/src/share/vm/prims/jvm.cpp, line 3273]

Events (10 events):
Event: 56.196 Thread 0x00007fb5ce45f000 DEOPT PACKING pc=0x000000010518ebdc sp=0x000000012156a280
Event: 56.196 Thread 0x00007fb5ce45f000 DEOPT UNPACKING pc=0x0000000103cfc73a sp=0x000000012156a240 mode 2
Event: 56.246 Thread 0x00007fb5ce45f000 Uncommon trap: trap_request=0xffffffde fr.pc=0x000000010518ebdc
Event: 56.246 Thread 0x00007fb5ce45f000 DEOPT PACKING pc=0x000000010518ebdc sp=0x000000012156a280
Event: 56.246 Thread 0x00007fb5ce45f000 DEOPT UNPACKING pc=0x0000000103cfc73a sp=0x000000012156a240 mode 2
Event: 56.905 Executing VM operation: CMS_Initial_Mark
Event: 56.958 Executing VM operation: CMS_Initial_Mark done
Event: 56.959 Thread 0x00007fb5ce45f000 Uncommon trap: trap_request=0xffffffc6 fr.pc=0x00000001051041c8
Event: 56.959 Thread 0x00007fb5ce45f000 DEOPT PACKING pc=0x00000001051041c8 sp=0x000000012156a3f0
Event: 56.959 Thread 0x00007fb5ce45f000 DEOPT UNPACKING pc=0x0000000103cfc73a sp=0x000000012156a390 mode 2


Dynamic libraries:
0x00007fff92a0c000 	/System/Library/Frameworks/Cocoa.framework/Versions/A/Cocoa
0x00007fff91a22000 	/System/Library/Frameworks/Security.framework/Versions/A/Security
0x00007fff919ee000 	/System/Library/Frameworks/ApplicationServices.framework/Versions/A/ApplicationServices
0x00007fff8c546000 	/usr/lib/libz.1.dylib
0x00007fff8c0ee000 	/usr/lib/libSystem.B.dylib
0x00007fff89069000 	/usr/lib/libobjc.A.dylib
0x00007fff94174000 	/System/Library/Frameworks/CoreFoundation.framework/Versions/A/CoreFoundation
0x00007fff94fd3000 	/System/Library/Frameworks/Foundation.framework/Versions/C/Foundation
0x00007fff91ce0000 	/System/Library/Frameworks/AppKit.framework/Versions/C/AppKit
0x00007fff8958e000 	/System/Library/Frameworks/CoreData.framework/Versions/A/CoreData
0x00007fff9493b000 	/System/Library/PrivateFrameworks/RemoteViewServices.framework/Versions/A/RemoteViewServices
0x00007fff8d072000 	/System/Library/Frameworks/AudioToolbox.framework/Versions/A/AudioToolbox
0x00007fff9493a000 	/System/Library/Frameworks/AudioUnit.framework/Versions/A/AudioUnit
0x00007fff897eb000 	/System/Library/PrivateFrameworks/DataDetectorsCore.framework/Versions/A/DataDetectorsCore
0x00007fff90802000 	/System/Library/PrivateFrameworks/DesktopServicesPriv.framework/Versions/A/DesktopServicesPriv
0x00007fff94a89000 	/System/Library/Frameworks/Carbon.framework/Versions/A/Frameworks/HIToolbox.framework/Versions/A/HIToolbox
0x00007fff93fae000 	/System/Library/Frameworks/QuartzCore.framework/Versions/A/QuartzCore
0x00007fff929df000 	/System/Library/Frameworks/Carbon.framework/Versions/A/Frameworks/SpeechRecognition.framework/Versions/A/SpeechRecognition
0x00007fff90c46000 	/usr/lib/libauto.dylib
0x00007fff89a31000 	/usr/lib/libicucore.A.dylib
0x00007fff90fa2000 	/usr/lib/libxml2.2.dylib
0x00007fff94855000 	/System/Library/PrivateFrameworks/CoreUI.framework/Versions/A/CoreUI
0x00007fff93021000 	/System/Library/Frameworks/CoreAudio.framework/Versions/A/CoreAudio
0x00007fff8d06c000 	/System/Library/Frameworks/DiskArbitration.framework/Versions/A/DiskArbitration
0x00007fff8b3a0000 	/usr/lib/liblangid.dylib
0x00007fff8e4f7000 	/System/Library/PrivateFrameworks/MultitouchSupport.framework/Versions/A/MultitouchSupport
0x00007fff95ae5000 	/System/Library/Frameworks/IOKit.framework/Versions/A/IOKit
0x00007fff8d031000 	/usr/lib/libDiagnosticMessagesClient.dylib
0x00007fff90654000 	/System/Library/Frameworks/CoreServices.framework/Versions/A/CoreServices
0x00007fff9499e000 	/System/Library/PrivateFrameworks/PerformanceAnalysis.framework/Versions/A/PerformanceAnalysis
0x00007fff94488000 	/System/Library/PrivateFrameworks/GenerationalStorage.framework/Versions/A/GenerationalStorage
0x00007fff95ac3000 	/System/Library/Frameworks/OpenGL.framework/Versions/A/OpenGL
0x00007fff953ee000 	/System/Library/PrivateFrameworks/Sharing.framework/Versions/A/Sharing
0x00007fff87eab000 	/System/Library/Frameworks/ImageIO.framework/Versions/A/ImageIO
0x00007fff94d34000 	/System/Library/Frameworks/CoreText.framework/Versions/A/CoreText
0x00007fff8e519000 	/System/Library/Frameworks/CoreGraphics.framework/Versions/A/CoreGraphics
0x00007fff909be000 	/System/Library/PrivateFrameworks/Backup.framework/Versions/A/Backup
0x00007fff8ee5e000 	/System/Library/Frameworks/CFNetwork.framework/Versions/A/CFNetwork
0x00007fff8a0b4000 	/System/Library/Frameworks/SystemConfiguration.framework/Versions/A/SystemConfiguration
0x00007fff944a1000 	/usr/lib/libCRFSuite.dylib
0x00007fff8e498000 	/usr/lib/libc++.1.dylib
0x00007fff88143000 	/usr/lib/libc++abi.dylib
0x00007fff89f49000 	/usr/lib/system/libcache.dylib
0x00007fff91a10000 	/usr/lib/system/libcommonCrypto.dylib
0x00007fff944ff000 	/usr/lib/system/libcompiler_rt.dylib
0x00007fff8fe4f000 	/usr/lib/system/libcopyfile.dylib
0x00007fff94e2d000 	/usr/lib/system/libcorecrypto.dylib
0x00007fff8ee43000 	/usr/lib/system/libdispatch.dylib
0x00007fff9298d000 	/usr/lib/system/libdyld.dylib
0x00007fff94360000 	/usr/lib/system/libkeymgr.dylib
0x00007fff8c064000 	/usr/lib/system/liblaunch.dylib
0x00007fff953a0000 	/usr/lib/system/libmacho.dylib
0x00007fff8d534000 	/usr/lib/system/libquarantine.dylib
0x00007fff93cda000 	/usr/lib/system/libremovefile.dylib
0x00007fff90f4d000 	/usr/lib/system/libsystem_asl.dylib
0x00007fff90241000 	/usr/lib/system/libsystem_blocks.dylib
0x00007fff94ebf000 	/usr/lib/system/libsystem_c.dylib
0x00007fff90368000 	/usr/lib/system/libsystem_configuration.dylib
0x00007fff8e4eb000 	/usr/lib/system/libsystem_dnssd.dylib
0x00007fff87e7a000 	/usr/lib/system/libsystem_info.dylib
0x00007fff93926000 	/usr/lib/system/libsystem_kernel.dylib
0x00007fff88cdc000 	/usr/lib/system/libsystem_m.dylib
0x00007fff92b2c000 	/usr/lib/system/libsystem_malloc.dylib
0x00007fff92ad3000 	/usr/lib/system/libsystem_network.dylib
0x00007fff90f43000 	/usr/lib/system/libsystem_notify.dylib
0x00007fff949e0000 	/usr/lib/system/libsystem_platform.dylib
0x00007fff87fb3000 	/usr/lib/system/libsystem_pthread.dylib
0x00007fff90be5000 	/usr/lib/system/libsystem_sandbox.dylib
0x00007fff90a83000 	/usr/lib/system/libsystem_stats.dylib
0x00007fff89f47000 	/usr/lib/system/libunc.dylib
0x00007fff90779000 	/usr/lib/system/libunwind.dylib
0x00007fff902c5000 	/usr/lib/system/libxpc.dylib
0x00007fff89017000 	/usr/lib/libbsm.0.dylib
0x00007fff8bf79000 	/usr/lib/libsqlite3.dylib
0x00007fff95b52000 	/usr/lib/libxar.1.dylib
0x00007fff8c4a1000 	/usr/lib/libpam.2.dylib
0x00007fff930fc000 	/usr/lib/libOpenScriptingUtil.dylib
0x00007fff90bd7000 	/usr/lib/libbz2.1.0.dylib
0x00007fff8d23f000 	/System/Library/Frameworks/CoreServices.framework/Versions/A/Frameworks/CarbonCore.framework/Versions/A/CarbonCore
0x00007fff89950000 	/System/Library/Frameworks/CoreServices.framework/Versions/A/Frameworks/Metadata.framework/Versions/A/Metadata
0x00007fff94507000 	/System/Library/Frameworks/CoreServices.framework/Versions/A/Frameworks/OSServices.framework/Versions/A/OSServices
0x00007fff8f901000 	/System/Library/Frameworks/CoreServices.framework/Versions/A/Frameworks/SearchKit.framework/Versions/A/SearchKit
0x00007fff95342000 	/System/Library/Frameworks/CoreServices.framework/Versions/A/Frameworks/AE.framework/Versions/A/AE
0x00007fff8ad56000 	/System/Library/Frameworks/CoreServices.framework/Versions/A/Frameworks/LaunchServices.framework/Versions/A/LaunchServices
0x00007fff94974000 	/System/Library/Frameworks/CoreServices.framework/Versions/A/Frameworks/DictionaryServices.framework/Versions/A/DictionaryServices
0x00007fff89f52000 	/System/Library/Frameworks/NetFS.framework/Versions/A/NetFS
0x00007fff93073000 	/usr/lib/system/libkxld.dylib
0x00007fff8a2ae000 	/System/Library/PrivateFrameworks/NetAuth.framework/Versions/A/NetAuth
0x00007fff8b506000 	/System/Library/PrivateFrameworks/TCC.framework/Versions/A/TCC
0x00007fff89028000 	/System/Library/Frameworks/OpenDirectory.framework/Versions/A/Frameworks/CFOpenDirectory.framework/Versions/A/CFOpenDirectory
0x00007fff92f20000 	/System/Library/Frameworks/ServiceManagement.framework/Versions/A/ServiceManagement
0x00007fff89040000 	/usr/lib/libxslt.1.dylib
0x00007fff92a3a000 	/System/Library/Frameworks/Carbon.framework/Versions/A/Frameworks/Ink.framework/Versions/A/Ink
0x00007fff952d4000 	/System/Library/Frameworks/ApplicationServices.framework/Versions/A/Frameworks/ATS.framework/Versions/A/ATS
0x00007fff94f49000 	/System/Library/Frameworks/ApplicationServices.framework/Versions/A/Frameworks/ColorSync.framework/Versions/A/ColorSync
0x00007fff94361000 	/System/Library/Frameworks/ApplicationServices.framework/Versions/A/Frameworks/HIServices.framework/Versions/A/HIServices
0x00007fff8b38d000 	/System/Library/Frameworks/ApplicationServices.framework/Versions/A/Frameworks/LangAnalysis.framework/Versions/A/LangAnalysis
0x00007fff92991000 	/System/Library/Frameworks/ApplicationServices.framework/Versions/A/Frameworks/PrintCore.framework/Versions/A/PrintCore
0x00007fff8d59f000 	/System/Library/Frameworks/ApplicationServices.framework/Versions/A/Frameworks/QD.framework/Versions/A/QD
0x00007fff8b4fc000 	/System/Library/Frameworks/ApplicationServices.framework/Versions/A/Frameworks/SpeechSynthesis.framework/Versions/A/SpeechSynthesis
0x00007fff89f4e000 	/System/Library/Frameworks/IOSurface.framework/Versions/A/IOSurface
0x00007fff92f8b000 	/System/Library/Frameworks/Accelerate.framework/Versions/A/Accelerate
0x00007fff8b596000 	/System/Library/Frameworks/Accelerate.framework/Versions/A/Frameworks/vImage.framework/Versions/A/vImage
0x00007fff9435f000 	/System/Library/Frameworks/Accelerate.framework/Versions/A/Frameworks/vecLib.framework/Versions/A/vecLib
0x00007fff9457f000 	/System/Library/Frameworks/Accelerate.framework/Versions/A/Frameworks/vecLib.framework/Versions/A/libvDSP.dylib
0x00007fff894b0000 	/System/Library/Frameworks/Accelerate.framework/Versions/A/Frameworks/vecLib.framework/Versions/A/libvMisc.dylib
0x00007fff8fe57000 	/System/Library/Frameworks/Accelerate.framework/Versions/A/Frameworks/vecLib.framework/Versions/A/libLAPACK.dylib
0x00007fff953fc000 	/System/Library/Frameworks/Accelerate.framework/Versions/A/Frameworks/vecLib.framework/Versions/A/libBLAS.dylib
0x00007fff89855000 	/System/Library/Frameworks/ApplicationServices.framework/Versions/A/Frameworks/ATS.framework/Versions/A/Resources/libFontParser.dylib
0x00007fff9077f000 	/System/Library/Frameworks/ApplicationServices.framework/Versions/A/Frameworks/ATS.framework/Versions/A/Resources/libFontRegistry.dylib
0x00007fff8c4d1000 	/System/Library/Frameworks/ImageIO.framework/Versions/A/Resources/libJPEG.dylib
0x00007fff8a1c2000 	/System/Library/Frameworks/ImageIO.framework/Versions/A/Resources/libTIFF.dylib
0x00007fff8a473000 	/System/Library/Frameworks/ImageIO.framework/Versions/A/Resources/libPng.dylib
0x00007fff8c3b1000 	/System/Library/Frameworks/ImageIO.framework/Versions/A/Resources/libGIF.dylib
0x00007fff89f97000 	/System/Library/Frameworks/ImageIO.framework/Versions/A/Resources/libJP2.dylib
0x00007fff90bd4000 	/System/Library/Frameworks/ImageIO.framework/Versions/A/Resources/libRadiance.dylib
0x00007fff953a6000 	/usr/lib/libcups.2.dylib
0x00007fff8cffa000 	/System/Library/Frameworks/Kerberos.framework/Versions/A/Kerberos
0x00007fff89f67000 	/System/Library/Frameworks/GSS.framework/Versions/A/GSS
0x00007fff89cc0000 	/usr/lib/libresolv.9.dylib
0x00007fff8b29b000 	/usr/lib/libiconv.2.dylib
0x00007fff8f88d000 	/System/Library/PrivateFrameworks/Heimdal.framework/Versions/A/Heimdal
0x00007fff9539e000 	/System/Library/PrivateFrameworks/TrustEvaluationAgent.framework/Versions/A/TrustEvaluationAgent
0x00007fff90f5f000 	/usr/lib/libheimdal-asn1.dylib
0x00007fff90f95000 	/System/Library/Frameworks/OpenDirectory.framework/Versions/A/OpenDirectory
0x00007fff8cd48000 	/System/Library/PrivateFrameworks/CommonAuth.framework/Versions/A/CommonAuth
0x00007fff93088000 	/System/Library/Frameworks/SecurityFoundation.framework/Versions/A/SecurityFoundation
0x00007fff8816e000 	/System/Library/PrivateFrameworks/Bom.framework/Versions/A/Bom
0x00007fff89cdd000 	/System/Library/Frameworks/CoreVideo.framework/Versions/A/CoreVideo
0x00007fff8ca76000 	/System/Library/Frameworks/QuartzCore.framework/Versions/A/Frameworks/CoreImage.framework/Versions/A/CoreImage
0x00007fff8bf00000 	/System/Library/Frameworks/QuartzCore.framework/Versions/A/Frameworks/ScalableUserInterface.framework/Versions/A/ScalableUserInterface
0x00007fff90b42000 	/System/Library/Frameworks/OpenGL.framework/Versions/A/Libraries/libGLU.dylib
0x00007fff8f8f3000 	/System/Library/Frameworks/OpenGL.framework/Versions/A/Libraries/libGFXShared.dylib
0x00007fff91c93000 	/System/Library/Frameworks/OpenGL.framework/Versions/A/Libraries/libGL.dylib
0x00007fff89c81000 	/System/Library/Frameworks/OpenGL.framework/Versions/A/Libraries/libGLImage.dylib
0x00007fff8d54f000 	/System/Library/Frameworks/OpenGL.framework/Versions/A/Libraries/libCVMSPluginSupport.dylib
0x00007fff89a2d000 	/System/Library/Frameworks/OpenGL.framework/Versions/A/Libraries/libCoreVMClient.dylib
0x00007fff95656000 	/System/Library/PrivateFrameworks/FaceCore.framework/Versions/A/FaceCore
0x00007fff8d05e000 	/System/Library/PrivateFrameworks/CrashReporterSupport.framework/Versions/A/CrashReporterSupport
0x00007fff8c622000 	/System/Library/Frameworks/OpenCL.framework/Versions/A/OpenCL
0x00007fff8f96f000 	/System/Library/PrivateFrameworks/AppleFSCompression.framework/Versions/A/AppleFSCompression
0x00007fff90b96000 	/System/Library/PrivateFrameworks/Ubiquity.framework/Versions/A/Ubiquity
0x00007fff90f64000 	/System/Library/PrivateFrameworks/IconServices.framework/Versions/A/IconServices
0x00007fff90978000 	/System/Library/PrivateFrameworks/ChunkingLibrary.framework/Versions/A/ChunkingLibrary
0x00007fff90243000 	/System/Library/PrivateFrameworks/CoreSymbolication.framework/Versions/A/CoreSymbolication
0x00007fff92f2b000 	/System/Library/PrivateFrameworks/Symbolication.framework/Versions/A/Symbolication
0x00007fff8809d000 	/System/Library/PrivateFrameworks/DebugSymbols.framework/Versions/A/DebugSymbols
0x0000000102c00000 	/Library/Java/JavaVirtualMachines/jdk1.8.0_181.jdk/Contents/Home/jre/lib/server/libjvm.dylib
0x00007fff8a7c6000 	/usr/lib/libstdc++.6.dylib
0x0000000102352000 	/Library/Java/JavaVirtualMachines/jdk1.8.0_181.jdk/Contents/Home/jre/lib/libverify.dylib
0x0000000102360000 	/Library/Java/JavaVirtualMachines/jdk1.8.0_181.jdk/Contents/Home/jre/lib/libjava.dylib
0x00000001023a0000 	/Library/Java/JavaVirtualMachines/jdk1.8.0_181.jdk/Contents/Home/jre/lib/libzip.dylib
0x000000011843c000 	/Library/Java/JavaVirtualMachines/jdk1.8.0_181.jdk/Contents/Home/jre/lib/libmanagement.dylib
0x000000011844a000 	/Library/Java/JavaVirtualMachines/jdk1.8.0_181.jdk/Contents/Home/jre/lib/libnet.dylib
0x00000001184a9000 	/Library/Java/JavaVirtualMachines/jdk1.8.0_181.jdk/Contents/Home/jre/lib/libnio.dylib
0x00000001192d7000 	/Library/Java/JavaVirtualMachines/jdk1.8.0_181.jdk/Contents/Home/jre/lib/libawt.dylib
0x0000000119381000 	/Library/Java/JavaVirtualMachines/jdk1.8.0_181.jdk/Contents/Home/jre/lib/./libmlib_image.dylib
0x000000011944d000 	/System/Library/Frameworks/JavaVM.framework/Versions/A/Frameworks/JavaNativeFoundation.framework/Versions/A/JavaNativeFoundation
0x0000000119461000 	/System/Library/Frameworks/JavaVM.framework/Versions/A/Frameworks/JavaRuntimeSupport.framework/Versions/A/JavaRuntimeSupport
0x0000000119479000 	/System/Library/Frameworks/JavaVM.framework/Versions/A/JavaVM
0x0000000119485000 	/System/Library/PrivateFrameworks/JavaLaunching.framework/Versions/A/JavaLaunching
0x00007fff8816d000 	/System/Library/Frameworks/Carbon.framework/Versions/A/Carbon
0x00007fff89850000 	/System/Library/Frameworks/Carbon.framework/Versions/A/Frameworks/CommonPanels.framework/Versions/A/CommonPanels
0x00007fff8d59b000 	/System/Library/Frameworks/Carbon.framework/Versions/A/Frameworks/Help.framework/Versions/A/Help
0x00007fff95ad2000 	/System/Library/Frameworks/Carbon.framework/Versions/A/Frameworks/ImageCapture.framework/Versions/A/ImageCapture
0x00007fff885b4000 	/System/Library/Frameworks/Carbon.framework/Versions/A/Frameworks/OpenScripting.framework/Versions/A/OpenScripting
0x00007fff8c0f0000 	/System/Library/Frameworks/Carbon.framework/Versions/A/Frameworks/Print.framework/Versions/A/Print
0x00007fff8c676000 	/System/Library/Frameworks/Carbon.framework/Versions/A/Frameworks/SecurityHI.framework/Versions/A/SecurityHI
0x0000000119490000 	/Library/Java/JavaVirtualMachines/jdk1.8.0_181.jdk/Contents/Home/jre/lib/libawt_lwawt.dylib
0x000000011954a000 	/Library/Java/JavaVirtualMachines/jdk1.8.0_181.jdk/Contents/Home/jre/lib/./libosxapp.dylib
0x00007fff95ac0000 	/System/Library/Frameworks/ExceptionHandling.framework/Versions/A/ExceptionHandling
0x00007fff89561000 	/System/Library/PrivateFrameworks/CoreServicesInternal.framework/Versions/A/CoreServicesInternal
0x00007fff92857000 	/System/Library/PrivateFrameworks/Librarian.framework/Versions/A/Librarian
0x00007fff8b3fa000 	/System/Library/Frameworks/CoreGraphics.framework/Versions/A/Resources/libCGCMS.A.dylib
0x00007fff946f5000 	/System/Library/Frameworks/CoreGraphics.framework/Versions/A/Resources/libRIP.A.dylib
0x00007fff8faea000 	/System/Library/Frameworks/CoreGraphics.framework/Versions/A/Resources/libCGXType.A.dylib
0x00007fff929e8000 	/System/Library/PrivateFrameworks/FamilyControls.framework/Versions/A/FamilyControls
0x00007fff8e50a000 	/System/Library/PrivateFrameworks/CommerceKit.framework/Versions/A/Frameworks/CommerceCore.framework/Versions/A/CommerceCore
0x00007fff92a0d000 	/System/Library/PrivateFrameworks/SystemAdministration.framework/Versions/A/SystemAdministration
0x00007fff9111e000 	/System/Library/Frameworks/DirectoryService.framework/Versions/A/DirectoryService
0x00007fff928bb000 	/System/Library/PrivateFrameworks/DiskImages.framework/Versions/A/DiskImages
0x00007fff894ac000 	/System/Library/PrivateFrameworks/LoginUIKit.framework/Versions/A/Frameworks/LoginUICore.framework/Versions/A/LoginUICore
0x00007fff90ab6000 	/usr/lib/libCoreStorage.dylib
0x00007fff8f882000 	/usr/lib/libcsfde.dylib
0x00007fff8bf54000 	/usr/lib/libodfde.dylib
0x00007fff8c3e8000 	/System/Library/Frameworks/DiscRecording.framework/Versions/A/DiscRecording
0x00007fff8c0f9000 	/usr/lib/libcurl.4.dylib
0x00007fff8d5d9000 	/System/Library/PrivateFrameworks/MediaKit.framework/Versions/A/MediaKit
0x00007fff8853c000 	/System/Library/PrivateFrameworks/EFILogin.framework/Versions/A/EFILogin
0x00007fff8b39d000 	/usr/lib/libutil.dylib
0x00007fff8c0f2000 	/System/Library/PrivateFrameworks/AOSNotification.framework/Versions/A/AOSNotification
0x00007fff87fbb000 	/System/Library/Frameworks/LDAP.framework/Versions/A/LDAP
0x00007fff89d03000 	/usr/lib/libsasl2.2.dylib
0x00007fff89e69000 	/usr/lib/libcrypto.0.9.8.dylib
0x00007fff95a8a000 	/usr/lib/libssl.0.9.8.dylib
0x000000011d4dd000 	/Library/Java/JavaVirtualMachines/jdk1.8.0_181.jdk/Contents/Home/jre/lib/libfontmanager.dylib
0x000000011d74e000 	/Users/bhaskarkoukuntla/Desktop/mcp908/jars/versions/1.7.10/1.7.10-natives/liblwjgl.jnilib
0x000000011bb1c000 	/Library/Java/JavaVirtualMachines/jdk1.8.0_181.jdk/Contents/Home/jre/lib/libjawt.dylib
0x00007fff90487000 	/System/Library/Frameworks/OpenGL.framework/Versions/A/Resources/GLEngine.bundle/GLEngine
0x00007fff8bd99000 	/System/Library/Frameworks/OpenGL.framework/Versions/A/Libraries/libGLProgrammability.dylib
0x000000011dbd3000 	/System/Library/Extensions/AppleIntelHD5000GraphicsGLDriver.bundle/Contents/MacOS/AppleIntelHD5000GraphicsGLDriver
0x00007fff8f8fc000 	/System/Library/PrivateFrameworks/IOAccelerator.framework/Versions/A/IOAccelerator
0x00007fff89267000 	/System/Library/PrivateFrameworks/GPUSupport.framework/Versions/A/Libraries/libGPUSupportMercury.dylib
0x00007fff9062a000 	/System/Library/Frameworks/OpenGL.framework/Versions/A/Resources/GLRendererFloat.bundle/GLRendererFloat
0x00007fff92ac7000 	/System/Library/Frameworks/OpenCL.framework/Versions/A/Libraries/libcldcpuengine.dylib
0x000000011e9ef000 	cl_kernels
0x000000011e9f2000 	/System/Library/Frameworks/OpenCL.framework/Versions/A/Libraries/ImageFormats/unorm8_bgra.dylib
0x000000011eb1d000 	cl_kernels
0x000000011f0de000 	/Users/bhaskarkoukuntla/Desktop/mcp908/jars/versions/1.7.10/1.7.10-natives/libtwitchsdk.dylib
0x00007fff8f9c7000 	/System/Library/Frameworks/AVFoundation.framework/Versions/A/AVFoundation
0x00007fff9072f000 	/System/Library/Frameworks/CoreMedia.framework/Versions/A/CoreMedia
0x00007fff8a22a000 	/System/Library/Frameworks/AVFoundation.framework/Versions/A/Resources/libAVFAudio.dylib
0x00007fff8a48f000 	/System/Library/Frameworks/MediaToolbox.framework/Versions/A/MediaToolbox
0x00007fff934d7000 	/System/Library/Frameworks/VideoToolbox.framework/Versions/A/VideoToolbox
0x00007fff8d1c7000 	/System/Library/Frameworks/CoreMediaIO.framework/Versions/A/CoreMediaIO
0x00007fff89000000 	/System/Library/PrivateFrameworks/CoreMediaAuthoring.framework/Versions/A/CoreMediaAuthoring
0x00007fff881aa000 	/System/Library/PrivateFrameworks/MediaControlSender.framework/Versions/A/MediaControlSender
0x00007fff90c89000 	/System/Library/PrivateFrameworks/CoreAVCHD.framework/Versions/A/CoreAVCHD
0x00007fff94eb9000 	/System/Library/Frameworks/MediaAccessibility.framework/Versions/A/MediaAccessibility
0x00007fff8d23c000 	/System/Library/PrivateFrameworks/Mangrove.framework/Versions/A/Mangrove
0x00007fff92b48000 	/System/Library/PrivateFrameworks/CoreAUC.framework/Versions/A/CoreAUC
0x00007fff8b494000 	/System/Library/PrivateFrameworks/Apple80211.framework/Versions/A/Apple80211
0x00007fff9307f000 	/System/Library/PrivateFrameworks/AppleSRP.framework/Versions/A/AppleSRP
0x00007fff955ee000 	/System/Library/PrivateFrameworks/CoreUtils.framework/Versions/A/CoreUtils
0x00007fff943a7000 	/System/Library/Frameworks/CoreWLAN.framework/Versions/A/CoreWLAN
0x00007fff8d033000 	/usr/lib/libpcap.A.dylib
0x00007fff94417000 	/System/Library/Frameworks/CoreWiFi.framework/Versions/A/CoreWiFi
0x00007fff8c4f8000 	/System/Library/PrivateFrameworks/AppleVA.framework/Versions/A/AppleVA
0x00007fff91a1b000 	/System/Library/PrivateFrameworks/XPCService.framework/Versions/A/XPCService
0x00007fff8d544000 	/System/Library/PrivateFrameworks/AppSandbox.framework/Versions/A/AppSandbox
0x00007fff8a086000 	/usr/lib/libsandbox.1.dylib
0x00007fff897d7000 	/System/Library/PrivateFrameworks/AppContainer.framework/Versions/A/AppContainer
0x00007fff92f88000 	/System/Library/PrivateFrameworks/SecCodeWrapper.framework/Versions/A/SecCodeWrapper
0x00007fff907df000 	/usr/lib/libMatch.1.dylib
0x0000000120b6e000 	/Users/bhaskarkoukuntla/Desktop/mcp908/jars/versions/1.7.10/1.7.10-natives/openal.dylib
0x0000000120bf1000 	/System/Library/Components/CoreAudio.component/Contents/MacOS/CoreAudio
0x0000000120e6d000 	/System/Library/Extensions/AppleHDA.kext/Contents/PlugIns/AppleHDAHALPlugIn.bundle/Contents/MacOS/AppleHDAHALPlugIn

VM Arguments:
jvm_args: -Xincgc -Xmx1024M -Xms1024M -Djava.library.path=/Users/bhaskarkoukuntla/Desktop/mcp908/jars/versions/1.7.10/1.7.10-natives -Dfile.encoding=UTF-8 
java_command: Start
java_class_path (initial): /Users/bhaskarkoukuntla/Desktop/mcp908/eclipse/Client/bin:/Users/bhaskarkoukuntla/Desktop/mcp908/jars/versions/1.7.10/1.7.10.jar:/Users/bhaskarkoukuntla/Desktop/mcp908/jars/libraries/org/apache/commons/commons-compress/1.8.1/commons-compress-1.8.1.jar:/Users/bhaskarkoukuntla/Desktop/mcp908/jars/libraries/org/apache/httpcomponents/httpclient/4.3.3/httpclient-4.3.3.jar:/Users/bhaskarkoukuntla/Desktop/mcp908/jars/libraries/commons-logging/commons-logging/1.1.3/commons-logging-1.1.3.jar:/Users/bhaskarkoukuntla/Desktop/mcp908/jars/libraries/org/apache/httpcomponents/httpcore/4.3.2/httpcore-4.3.2.jar:/Users/bhaskarkoukuntla/Desktop/mcp908/jars/libraries/java3d/vecmath/1.3.1/vecmath-1.3.1.jar:/Users/bhaskarkoukuntla/Desktop/mcp908/jars/libraries/net/sf/trove4j/trove4j/3.0.3/trove4j-3.0.3.jar:/Users/bhaskarkoukuntla/Desktop/mcp908/jars/libraries/com/ibm/icu/icu4j-core-mojang/51.2/icu4j-core-mojang-51.2.jar:/Users/bhaskarkoukuntla/Desktop/mcp908/jars/libraries/net/sf/jopt-simple/jopt-simple/4.5/jopt-simple-4.5.jar:/Users/bhaskarkoukuntla/Desktop/mcp908/jars/libraries/com/paulscode/codecjorbis/20101023/codecjorbis-20101023.jar:/Users/bhaskarkoukuntla/Desktop/mcp908/jars/libraries/com/paulscode/codecwav/20101023/codecwav-20101023.jar:/Users/bhaskarkoukuntla/Desktop/mcp908/jars/libraries/com/paulscode/libraryjavasound/20101123/libraryjavasound-20101123.jar:/Users/bhaskarkoukuntla/Desktop/mcp908/jars/libraries/com/paulscode/librarylwjglopenal/20100824/librarylwjglopenal-20100824.jar:/Users/bhaskarkoukuntla/Desktop/mcp908/jars/libraries/com/paulscode/soundsystem/20120107/soundsystem-20120107.jar:/Users/bhaskarkoukuntla/Desktop/mcp908/jars/libraries/io/netty/netty-all/4.0.10.Final/netty-all-4.0.10.Final.jar:/Users/bhaskarkoukuntla/Desktop/mcp908/jars/libraries/com/google/guava/guava/15.0/guava-15.0.jar:/Users/bhaskarkoukuntla/Desktop/mcp908/jars/libraries/org/apache/commons/commons-lang3/3.1/commons-lang3-3.1.jar:/Users/bhaskarkoukuntla/Desktop/mcp908/
Launcher Type: SUN_STANDARD

Environment Variables:
PATH=/usr/bin:/bin:/usr/sbin:/sbin
SHELL=/bin/bash

Signal Handlers:
SIGSEGV: [libjvm.dylib+0x5b6029], sa_mask[0]=11111111011111110111111111111111, sa_flags=SA_ONSTACK|SA_RESTART|SA_SIGINFO
SIGBUS: [libjvm.dylib+0x5b6029], sa_mask[0]=11111111011111110111111111111111, sa_flags=SA_RESTART|SA_SIGINFO
SIGFPE: [libjvm.dylib+0x48b934], sa_mask[0]=11111111011111110111111111111111, sa_flags=SA_RESTART|SA_SIGINFO
SIGPIPE: [libjvm.dylib+0x48b934], sa_mask[0]=11111111011111110111111111111111, sa_flags=SA_RESTART|SA_SIGINFO
SIGXFSZ: [libjvm.dylib+0x48b934], sa_mask[0]=11111111011111110111111111111111, sa_flags=SA_RESTART|SA_SIGINFO
SIGILL: [libjvm.dylib+0x48b934], sa_mask[0]=11111111011111110111111111111111, sa_flags=SA_RESTART|SA_SIGINFO
SIGUSR1: SIG_DFL, sa_mask[0]=00000000000000000000000000000000, sa_flags=SA_RESTART
SIGUSR2: [libjvm.dylib+0x48b452], sa_mask[0]=00100000000000000000000000000000, sa_flags=SA_RESTART|SA_SIGINFO
SIGHUP: [libjvm.dylib+0x489a1d], sa_mask[0]=11111111011111110111111111111111, sa_flags=SA_RESTART|SA_SIGINFO
SIGINT: [libjvm.dylib+0x489a1d], sa_mask[0]=11111111011111110111111111111111, sa_flags=SA_RESTART|SA_SIGINFO
SIGTERM: [libjvm.dylib+0x489a1d], sa_mask[0]=11111111011111110111111111111111, sa_flags=SA_RESTART|SA_SIGINFO
SIGQUIT: [libjvm.dylib+0x489a1d], sa_mask[0]=11111111011111110111111111111111, sa_flags=SA_RESTART|SA_SIGINFO


---------------  S Y S T E M  ---------------

OS:Bsduname:Darwin 13.4.0 Darwin Kernel Version 13.4.0: Mon Jan 11 18:17:34 PST 2016; root:xnu-2422.115.15~1/RELEASE_X86_64 x86_64
rlimit: STACK 8192k, CORE 0k, NPROC 709, NOFILE 10240, AS infinity
load average:4.10 3.26 2.84

CPU:total 4 (initial active 4) (2 cores per cpu, 2 threads per core) family 6 model 69 stepping 1, cmov, cx8, fxsr, mmx, sse, sse2, sse3, ssse3, sse4.1, sse4.2, popcnt, avx, avx2, aes, clmul, erms, lzcnt, ht, tsc, tscinvbit, bmi1, bmi2

Memory: 4k page, physical 4194304k(147944k free)

/proc/meminfo:


vm_info: Java HotSpot(TM) 64-Bit Server VM (25.181-b13) for bsd-amd64 JRE (1.8.0_181-b13), built on Jul  7 2018 01:02:31 by "java_re" with gcc 4.2.1 (Based on Apple Inc. build 5658) (LLVM build 2336.11.00)

time: Fri Jul 12 17:44:04 2019
elapsed time: 57 seconds (0d 0h 0m 57s)

