#
# A fatal error has been detected by the Java Runtime Environment:
#
#  Internal Error (output.cpp:817), pid=982, tid=0x0000000000004e03
#  Error: ShouldNotReachHere()
#
# JRE version: Java(TM) SE Runtime Environment (8.0_181-b13) (build 1.8.0_181-b13)
# Java VM: Java HotSpot(TM) 64-Bit Server VM (25.181-b13 mixed mode bsd-amd64 compressed oops)
# Failed to write core dump. Core dumps have been disabled. To enable core dumping, try "ulimit -c unlimited" before starting Java again
#
# If you would like to submit a bug report, please visit:
#   http://bugreport.java.com/bugreport/crash.jsp
#

---------------  T H R E A D  ---------------

Current thread (0x00007fd8ec847800):  JavaThread "C2 CompilerThread0" daemon [_thread_in_native, id=19971, stack(0x0000000120396000,0x0000000120496000)]

Stack: [0x0000000120396000,0x0000000120496000],  sp=0x0000000120492420,  free space=1009k
Native frames: (J=compiled Java code, j=interpreted, Vv=VM code, C=native code)
V  [libjvm.dylib+0x5b581a]  VMError::report_and_die()+0x3f8
V  [libjvm.dylib+0x1e9185]  report_vm_error(char const*, int, char const*, char const*)+0x54
V  [libjvm.dylib+0x4970c2]  Compile::FillLocArray(int, MachSafePointNode*, Node*, GrowableArray<ScopeValue*>*, GrowableArray<ScopeValue*>*)+0x536
V  [libjvm.dylib+0x49754a]  Compile::Process_OopMap_Node(MachNode*, int)+0x1d6
V  [libjvm.dylib+0x498991]  Compile::fill_buffer(CodeBuffer*, unsigned int*)+0x563
V  [libjvm.dylib+0x1b0ad7]  Compile::Code_Gen()+0x239
V  [libjvm.dylib+0x1b4be9]  Compile::Compile(ciEnv*, C2Compiler*, ciMethod*, int, bool, bool, bool)+0x98d
V  [libjvm.dylib+0x1510ce]  C2Compiler::compile_method(ciEnv*, ciMethod*, int)+0xb2
V  [libjvm.dylib+0x1b8286]  CompileBroker::invoke_compiler_on_method(CompileTask*)+0x5b2
V  [libjvm.dylib+0x1ba7cd]  CompileBroker::compiler_thread_loop()+0x291
V  [libjvm.dylib+0x56fa7f]  JavaThread::thread_main_inner()+0x9b
V  [libjvm.dylib+0x57117a]  JavaThread::run()+0x1c2
V  [libjvm.dylib+0x48e342]  java_start(Thread*)+0xf6
C  [libsystem_pthread.dylib+0x1899]  _pthread_body+0x8a
C  [libsystem_pthread.dylib+0x172a]  _pthread_struct_init+0x0
C  [libsystem_pthread.dylib+0x5fc9]  thread_start+0xd
C  0x0000000000000000


Current CompileTask:
C2:  18360 5005       4       net.minecraft.client.renderer.RenderGlobal::sortAndRender (1673 bytes)


---------------  P R O C E S S  ---------------

Java Threads: ( => current thread )
  0x00007fd8f0207800 JavaThread "pool-2-thread-1" [_thread_blocked, id=73731, stack(0x000000012ac1a000,0x000000012ad1a000)]
  0x00007fd8f0ca2000 JavaThread "Netty IO #1" daemon [_thread_in_native, id=73219, stack(0x000000012ab17000,0x000000012ac17000)]
  0x00007fd8f0cc3800 JavaThread "Netty Client IO #0" daemon [_thread_in_native, id=72707, stack(0x000000012aa14000,0x000000012ab14000)]
  0x00007fd8eb84f000 JavaThread "Netty IO #0" daemon [_thread_in_native, id=29211, stack(0x000000012a911000,0x000000012aa11000)]
  0x00007fd8ec7f6800 JavaThread "Server thread" [_thread_blocked, id=71695, stack(0x000000012a80e000,0x000000012a90e000)]
  0x00007fd8ed056000 JavaThread "process reaper" daemon [_thread_blocked, id=72199, stack(0x0000000120a8d000,0x0000000120ab5000)]
  0x00007fd8ed128800 JavaThread "Snooper Timer" daemon [_thread_blocked, id=54051, stack(0x00000001298bf000,0x00000001299bf000)]
  0x00007fd8ebbd6800 JavaThread "Thread-7" [_thread_blocked, id=54787, stack(0x0000000128fc4000,0x00000001290c4000)]
  0x00007fd8ec1e1800 JavaThread "Thread-6" [_thread_blocked, id=54275, stack(0x0000000128eb1000,0x0000000128fb1000)]
  0x00007fd8ebbcf800 JavaThread "Java2D Disposer" daemon [_thread_blocked, id=52531, stack(0x0000000127807000,0x0000000127907000)]
  0x00007fd8ebbda000 JavaThread "Timer hack thread" daemon [_thread_blocked, id=49159, stack(0x0000000125e6b000,0x0000000125f6b000)]
  0x00007fd8ec25f800 JavaThread "Snooper Timer" daemon [_thread_blocked, id=48903, stack(0x0000000125d68000,0x0000000125e68000)]
  0x00007fd8ebb3d000 JavaThread "AppKit Thread" daemon [_thread_in_native, id=3335, stack(0x00007fff54c30000,0x00007fff55430000)]
  0x00007fd8eb82d000 JavaThread "Service Thread" daemon [_thread_blocked, id=21507, stack(0x000000012069f000,0x000000012079f000)]
  0x00007fd8ec88b800 JavaThread "C1 CompilerThread2" daemon [_thread_blocked, id=20995, stack(0x000000012059c000,0x000000012069c000)]
  0x00007fd8ec88a800 JavaThread "C2 CompilerThread1" daemon [_thread_in_native, id=20483, stack(0x0000000120499000,0x0000000120599000)]
=>0x00007fd8ec847800 JavaThread "C2 CompilerThread0" daemon [_thread_in_native, id=19971, stack(0x0000000120396000,0x0000000120496000)]
  0x00007fd8ec846800 JavaThread "Signal Dispatcher" daemon [_thread_blocked, id=19459, stack(0x0000000120293000,0x0000000120393000)]
  0x00007fd8ec800000 JavaThread "Surrogate Locker Thread (Concurrent GC)" daemon [_thread_blocked, id=16967, stack(0x0000000120190000,0x0000000120290000)]
  0x00007fd8ec040800 JavaThread "Finalizer" daemon [_thread_blocked, id=13571, stack(0x000000011ff47000,0x0000000120047000)]
  0x00007fd8ec03f800 JavaThread "Reference Handler" daemon [_thread_blocked, id=13059, stack(0x000000011fe44000,0x000000011ff44000)]
  0x00007fd8ec801800 JavaThread "Client thread" [_thread_in_Java, id=6915, stack(0x000000010b89a000,0x000000010b99a000)]

Other Threads:
  0x00007fd8ec039000 VMThread [stack: 0x000000011fd41000,0x000000011fe41000] [id=12547]
  0x00007fd8ec846000 WatcherThread [stack: 0x00000001207a2000,0x00000001208a2000] [id=22019]

VM state:not at safepoint (normal execution)

VM Mutex/Monitor currently owned by a thread: None

Heap:
 par new generation   total 306688K, used 106211K [0x0000000780000000, 0x0000000794cc0000, 0x0000000794cc0000)
  eden space 272640K,  26% used [0x0000000780000000, 0x0000000784678fc0, 0x0000000790a40000)
  from space 34048K, 100% used [0x0000000792b80000, 0x0000000794cc0000, 0x0000000794cc0000)
  to   space 34048K,   0% used [0x0000000790a40000, 0x0000000790a40000, 0x0000000792b80000)
 concurrent mark-sweep generation total 707840K, used 71075K [0x0000000794cc0000, 0x00000007c0000000, 0x00000007c0000000)
 Metaspace       used 31581K, capacity 31775K, committed 32216K, reserved 1077248K
  class space    used 3672K, capacity 3738K, committed 3864K, reserved 1048576K

Card table byte_map: [0x000000011b9cc000,0x000000011bbcd000] byte_map_base: 0x0000000117dcc000

Marking Bits: (CMSBitMap*) 0x00007fd8ec834d48
 Bits: [0x000000011c127000, 0x000000011cbf4000)

Mod Union Table: (CMSBitMap*) 0x00007fd8ec834e08
 Bits: [0x000000011cbf5000, 0x000000011cc20340)

Polling page: 0x000000010b9e0000

CodeCache: size=245760Kb used=18208Kb max_used=18208Kb free=227551Kb
 bounds [0x000000010c200000, 0x000000010d3e0000, 0x000000011b200000]
 total_blobs=5087 nmethods=4370 adapters=628
 compilation: enabled

Compilation events (10 events):
Event: 18.249 Thread 0x00007fd8ec88b800 5017 %     3       net.minecraft.client.renderer.ItemRenderer::renderItemIn2D @ 306 (672 bytes)
Event: 18.256 Thread 0x00007fd8ec88b800 nmethod 5017% 0x000000010d3c6450 code [0x000000010d3c6ba0, 0x000000010d3c9c78]
Event: 18.270 Thread 0x00007fd8ec88b800 5019       3       net.minecraft.client.renderer.RenderGlobal::renderSortedRenderers (635 bytes)
Event: 18.278 Thread 0x00007fd8ec88b800 nmethod 5019 0x000000010d3cc450 code [0x000000010d3cc840, 0x000000010d3ce998]
Event: 18.278 Thread 0x00007fd8ec88b800 5020       3       net.minecraft.pathfinding.PathNavigate::getEntityPosition (23 bytes)
Event: 18.279 Thread 0x00007fd8ec88b800 nmethod 5020 0x000000010d3a7150 code [0x000000010d3a72e0, 0x000000010d3a75b8]
Event: 18.299 Thread 0x00007fd8ec88b800 5021   !   3       net.minecraft.world.GameRules$Value::setValue (72 bytes)
Event: 18.301 Thread 0x00007fd8ec88b800 nmethod 5021 0x000000010d3d0990 code [0x000000010d3d0b80, 0x000000010d3d13d8]
Event: 18.302 Thread 0x00007fd8ec88b800 5022       3       io.netty.util.concurrent.SingleThreadEventExecutor::hasTasks (39 bytes)
Event: 18.302 Thread 0x00007fd8ec88b800 nmethod 5022 0x000000010d3d1750 code [0x000000010d3d18c0, 0x000000010d3d1b48]

GC Heap History (10 events):
Event: 8.037 GC heap before
{Heap before GC invocations=1 (full 0):
 par new generation   total 306688K, used 301251K [0x0000000780000000, 0x0000000794cc0000, 0x0000000794cc0000)
  eden space 272640K, 100% used [0x0000000780000000, 0x0000000790a40000, 0x0000000790a40000)
  from space 34048K,  84% used [0x0000000792b80000, 0x0000000794770e78, 0x0000000794cc0000)
  to   space 34048K,   0% used [0x0000000790a40000, 0x0000000790a40000, 0x0000000792b80000)
 concurrent mark-sweep generation total 707840K, used 0K [0x0000000794cc0000, 0x00000007c0000000, 0x00000007c0000000)
 Metaspace       used 26966K, capacity 27157K, committed 27528K, reserved 1073152K
  class space    used 3349K, capacity 3429K, committed 3480K, reserved 1048576K
Event: 8.147 GC heap after
Heap after GC invocations=2 (full 0):
 par new generation   total 306688K, used 12291K [0x0000000780000000, 0x0000000794cc0000, 0x0000000794cc0000)
  eden space 272640K,   0% used [0x0000000780000000, 0x0000000780000000, 0x0000000790a40000)
  from space 34048K,  36% used [0x0000000790a40000, 0x0000000791640d60, 0x0000000792b80000)
  to   space 34048K,   0% used [0x0000000792b80000, 0x0000000792b80000, 0x0000000794cc0000)
 concurrent mark-sweep generation total 707840K, used 24079K [0x0000000794cc0000, 0x00000007c0000000, 0x00000007c0000000)
 Metaspace       used 26966K, capacity 27157K, committed 27528K, reserved 1073152K
  class space    used 3349K, capacity 3429K, committed 3480K, reserved 1048576K
}
Event: 9.926 GC heap before
{Heap before GC invocations=2 (full 1):
 par new generation   total 306688K, used 131957K [0x0000000780000000, 0x0000000794cc0000, 0x0000000794cc0000)
  eden space 272640K,  43% used [0x0000000780000000, 0x00000007874dc828, 0x0000000790a40000)
  from space 34048K,  36% used [0x0000000790a40000, 0x0000000791640d60, 0x0000000792b80000)
  to   space 34048K,   0% used [0x0000000792b80000, 0x0000000792b80000, 0x0000000794cc0000)
 concurrent mark-sweep generation total 707840K, used 24079K [0x0000000794cc0000, 0x00000007c0000000, 0x00000007c0000000)
 Metaspace       used 27502K, capacity 27701K, committed 27860K, reserved 1073152K
  class space    used 3402K, capacity 3461K, committed 3480K, reserved 1048576K
Event: 10.046 GC heap after
Heap after GC invocations=3 (full 2):
 par new generation   total 306688K, used 0K [0x0000000780000000, 0x0000000794cc0000, 0x0000000794cc0000)
  eden space 272640K,   0% used [0x0000000780000000, 0x0000000780000000, 0x0000000790a40000)
  from space 34048K,   0% used [0x0000000790a40000, 0x0000000790a40000, 0x0000000792b80000)
  to   space 34048K,   0% used [0x0000000792b80000, 0x0000000792b80000, 0x0000000794cc0000)
 concurrent mark-sweep generation total 707840K, used 26338K [0x0000000794cc0000, 0x00000007c0000000, 0x00000007c0000000)
 Metaspace       used 27502K, capacity 27701K, committed 27860K, reserved 1073152K
  class space    used 3402K, capacity 3461K, committed 3480K, reserved 1048576K
}
Event: 10.046 GC heap before
{Heap before GC invocations=3 (full 2):
 par new generation   total 306688K, used 0K [0x0000000780000000, 0x0000000794cc0000, 0x0000000794cc0000)
  eden space 272640K,   0% used [0x0000000780000000, 0x0000000780000000, 0x0000000790a40000)
  from space 34048K,   0% used [0x0000000790a40000, 0x0000000790a40000, 0x0000000792b80000)
  to   space 34048K,   0% used [0x0000000792b80000, 0x0000000792b80000, 0x0000000794cc0000)
 concurrent mark-sweep generation total 707840K, used 26338K [0x0000000794cc0000, 0x00000007c0000000, 0x00000007c0000000)
 Metaspace       used 27502K, capacity 27701K, committed 27860K, reserved 1073152K
  class space    used 3402K, capacity 3461K, committed 3480K, reserved 1048576K
Event: 10.110 GC heap after
Heap after GC invocations=4 (full 3):
 par new generation   total 306688K, used 0K [0x0000000780000000, 0x0000000794cc0000, 0x0000000794cc0000)
  eden space 272640K,   0% used [0x0000000780000000, 0x0000000780000000, 0x0000000790a40000)
  from space 34048K,   0% used [0x0000000790a40000, 0x0000000790a40000, 0x0000000792b80000)
  to   space 34048K,   0% used [0x0000000792b80000, 0x0000000792b80000, 0x0000000794cc0000)
 concurrent mark-sweep generation total 707840K, used 26338K [0x0000000794cc0000, 0x00000007c0000000, 0x00000007c0000000)
 Metaspace       used 27502K, capacity 27701K, committed 27860K, reserved 1073152K
  class space    used 3402K, capacity 3461K, committed 3480K, reserved 1048576K
}
Event: 11.612 GC heap before
{Heap before GC invocations=4 (full 3):
 par new generation   total 306688K, used 147472K [0x0000000780000000, 0x0000000794cc0000, 0x0000000794cc0000)
  eden space 272640K,  54% used [0x0000000780000000, 0x0000000789004088, 0x0000000790a40000)
  from space 34048K,   0% used [0x0000000790a40000, 0x0000000790a40000, 0x0000000792b80000)
  to   space 34048K,   0% used [0x0000000792b80000, 0x0000000792b80000, 0x0000000794cc0000)
 concurrent mark-sweep generation total 707840K, used 26338K [0x0000000794cc0000, 0x00000007c0000000, 0x00000007c0000000)
 Metaspace       used 30045K, capacity 30285K, committed 30552K, reserved 1077248K
  class space    used 3656K, capacity 3735K, committed 3736K, reserved 1048576K
Event: 11.768 GC heap after
Heap after GC invocations=5 (full 4):
 par new generation   total 306688K, used 0K [0x0000000780000000, 0x0000000794cc0000, 0x0000000794cc0000)
  eden space 272640K,   0% used [0x0000000780000000, 0x0000000780000000, 0x0000000790a40000)
  from space 34048K,   0% used [0x0000000790a40000, 0x0000000790a40000, 0x0000000792b80000)
  to   space 34048K,   0% used [0x0000000792b80000, 0x0000000792b80000, 0x0000000794cc0000)
 concurrent mark-sweep generation total 707840K, used 66413K [0x0000000794cc0000, 0x00000007c0000000, 0x00000007c0000000)
 Metaspace       used 30045K, capacity 30285K, committed 30552K, reserved 1077248K
  class space    used 3656K, capacity 3735K, committed 3736K, reserved 1048576K
}
Event: 14.783 GC heap before
{Heap before GC invocations=5 (full 5):
 par new generation   total 306688K, used 272640K [0x0000000780000000, 0x0000000794cc0000, 0x0000000794cc0000)
  eden space 272640K, 100% used [0x0000000780000000, 0x0000000790a40000, 0x0000000790a40000)
  from space 34048K,   0% used [0x0000000790a40000, 0x0000000790a40000, 0x0000000792b80000)
  to   space 34048K,   0% used [0x0000000792b80000, 0x0000000792b80000, 0x0000000794cc0000)
 concurrent mark-sweep generation total 707840K, used 66413K [0x0000000794cc0000, 0x00000007c0000000, 0x00000007c0000000)
 Metaspace       used 31181K, capacity 31391K, committed 31704K, reserved 1077248K
  class space    used 3672K, capacity 3738K, committed 3864K, reserved 1048576K
Event: 14.809 GC heap after
Heap after GC invocations=6 (full 5):
 par new generation   total 306688K, used 34048K [0x0000000780000000, 0x0000000794cc0000, 0x0000000794cc0000)
  eden space 272640K,   0% used [0x0000000780000000, 0x0000000780000000, 0x0000000790a40000)
  from space 34048K, 100% used [0x0000000792b80000, 0x0000000794cc0000, 0x0000000794cc0000)
  to   space 34048K,   0% used [0x0000000790a40000, 0x0000000790a40000, 0x0000000792b80000)
 concurrent mark-sweep generation total 707840K, used 71075K [0x0000000794cc0000, 0x00000007c0000000, 0x00000007c0000000)
 Metaspace       used 31181K, capacity 31391K, committed 31704K, reserved 1077248K
  class space    used 3672K, capacity 3738K, committed 3864K, reserved 1048576K
}

Deoptimization events (10 events):
Event: 16.480 Thread 0x00007fd8ec7f6800 Uncommon trap: reason=unstable_if action=reinterpret pc=0x000000010cf1eae8 method=java.util.Random.nextInt(I)I @ 58
Event: 16.696 Thread 0x00007fd8ec7f6800 Uncommon trap: reason=bimorphic action=maybe_recompile pc=0x000000010cf52220 method=net.minecraft.entity.Entity.moveEntity(DDD)V @ 1892
Event: 16.840 Thread 0x00007fd8ec7f6800 Uncommon trap: reason=bimorphic action=maybe_recompile pc=0x000000010ca06b24 method=net.minecraft.entity.ai.EntityAITasks.onUpdateTasks()V @ 90
Event: 16.841 Thread 0x00007fd8ec7f6800 Uncommon trap: reason=unstable_if action=reinterpret pc=0x000000010c8fbecc method=net.minecraft.entity.Entity.isInsideOfMaterial(Lnet/minecraft/block/material/Material;)Z @ 100
Event: 16.889 Thread 0x00007fd8ec7f6800 Uncommon trap: reason=unstable_if action=reinterpret pc=0x000000010cfa2bf4 method=net.minecraft.entity.Entity.isInsideOfMaterial(Lnet/minecraft/block/material/Material;)Z @ 100
Event: 17.147 Thread 0x00007fd8ec7f6800 Uncommon trap: reason=class_check action=maybe_recompile pc=0x000000010cf40dd4 method=net.minecraft.entity.Entity.handleWaterMovement()Z @ 107
Event: 17.316 Thread 0x00007fd8ec801800 Uncommon trap: reason=class_check action=maybe_recompile pc=0x000000010cf40dd4 method=net.minecraft.entity.Entity.handleWaterMovement()Z @ 107
Event: 17.596 Thread 0x00007fd8ec801800 Uncommon trap: reason=bimorphic action=maybe_recompile pc=0x000000010cf52220 method=net.minecraft.entity.Entity.moveEntity(DDD)V @ 1892
Event: 17.874 Thread 0x00007fd8ec7f6800 Uncommon trap: reason=bimorphic action=maybe_recompile pc=0x000000010ca06b24 method=net.minecraft.entity.ai.EntityAITasks.onUpdateTasks()V @ 90
Event: 18.276 Thread 0x00007fd8ec7f6800 Uncommon trap: reason=bimorphic action=maybe_recompile pc=0x000000010cf52220 method=net.minecraft.entity.Entity.moveEntity(DDD)V @ 1892

Classes redefined (0 events):
No events

Internal exceptions (10 events):
Event: 18.244 Thread 0x00007fd8ec1e1800 Exception <a 'java/lang/InterruptedException': sleep interrupted> (0x00000007806ff008) thrown at [/Users/java_re/workspace/8-2-build-macosx-x86_64/jdk8u181/11358/hotspot/src/share/vm/prims/jvm.cpp, line 3273]
Event: 18.244 Thread 0x00007fd8ec1e1800 Exception <a 'java/lang/InterruptedException': sleep interrupted> (0x00000007806ff288) thrown at [/Users/java_re/workspace/8-2-build-macosx-x86_64/jdk8u181/11358/hotspot/src/share/vm/prims/jvm.cpp, line 3273]
Event: 18.259 Thread 0x00007fd8ec1e1800 Exception <a 'java/lang/InterruptedException': sleep interrupted> (0x00000007806ff508) thrown at [/Users/java_re/workspace/8-2-build-macosx-x86_64/jdk8u181/11358/hotspot/src/share/vm/prims/jvm.cpp, line 3273]
Event: 18.261 Thread 0x00007fd8ec1e1800 Exception <a 'java/lang/InterruptedException': sleep interrupted> (0x00000007806ff788) thrown at [/Users/java_re/workspace/8-2-build-macosx-x86_64/jdk8u181/11358/hotspot/src/share/vm/prims/jvm.cpp, line 3273]
Event: 18.283 Thread 0x00007fd8ec1e1800 Exception <a 'java/lang/InterruptedException': sleep interrupted> (0x00000007806ffa08) thrown at [/Users/java_re/workspace/8-2-build-macosx-x86_64/jdk8u181/11358/hotspot/src/share/vm/prims/jvm.cpp, line 3273]
Event: 18.284 Thread 0x00007fd8ec1e1800 Exception <a 'java/lang/InterruptedException': sleep interrupted> (0x00000007806ffc88) thrown at [/Users/java_re/workspace/8-2-build-macosx-x86_64/jdk8u181/11358/hotspot/src/share/vm/prims/jvm.cpp, line 3273]
Event: 18.306 Thread 0x00007fd8ec1e1800 Exception <a 'java/lang/InterruptedException': sleep interrupted> (0x00000007806fff08) thrown at [/Users/java_re/workspace/8-2-build-macosx-x86_64/jdk8u181/11358/hotspot/src/share/vm/prims/jvm.cpp, line 3273]
Event: 18.306 Thread 0x00007fd8ec1e1800 Exception <a 'java/lang/InterruptedException': sleep interrupted> (0x0000000780700188) thrown at [/Users/java_re/workspace/8-2-build-macosx-x86_64/jdk8u181/11358/hotspot/src/share/vm/prims/jvm.cpp, line 3273]
Event: 18.313 Thread 0x00007fd8ec1e1800 Exception <a 'java/lang/InterruptedException': sleep interrupted> (0x0000000780700408) thrown at [/Users/java_re/workspace/8-2-build-macosx-x86_64/jdk8u181/11358/hotspot/src/share/vm/prims/jvm.cpp, line 3273]
Event: 18.313 Thread 0x00007fd8ec1e1800 Exception <a 'java/lang/InterruptedException': sleep interrupted> (0x0000000780700688) thrown at [/Users/java_re/workspace/8-2-build-macosx-x86_64/jdk8u181/11358/hotspot/src/share/vm/prims/jvm.cpp, line 3273]

Events (10 events):
Event: 17.924 Thread 0x00007fd8ec7f6800 DEOPT UNPACKING pc=0x000000010c247784 sp=0x000000012a90ced8 mode 0
Event: 18.064 Thread 0x00007fd8ec801800 DEOPT PACKING pc=0x000000010ceca3f8 sp=0x000000010b998b80
Event: 18.064 Thread 0x00007fd8ec801800 DEOPT UNPACKING pc=0x000000010c247784 sp=0x000000010b998b98 mode 0
Event: 18.081 Thread 0x00007fd8ec801800 DEOPT PACKING pc=0x000000010d06981f sp=0x000000010b9991e0
Event: 18.081 Thread 0x00007fd8ec801800 DEOPT UNPACKING pc=0x000000010c247784 sp=0x000000010b999048 mode 0
Event: 18.200 Thread 0x00007fd8ec801800 DEOPT PACKING pc=0x000000010cccc89c sp=0x000000010b998de0
Event: 18.200 Thread 0x00007fd8ec801800 DEOPT UNPACKING pc=0x000000010c247784 sp=0x000000010b998b20 mode 0
Event: 18.276 Thread 0x00007fd8ec7f6800 Uncommon trap: trap_request=0xffffffc6 fr.pc=0x000000010cf52220
Event: 18.276 Thread 0x00007fd8ec7f6800 DEOPT PACKING pc=0x000000010cf52220 sp=0x000000012a90d170
Event: 18.276 Thread 0x00007fd8ec7f6800 DEOPT UNPACKING pc=0x000000010c24573a sp=0x000000012a90d090 mode 2


Dynamic libraries:
0x00007fff92a0c000 	/System/Library/Frameworks/Cocoa.framework/Versions/A/Cocoa
0x00007fff91a22000 	/System/Library/Frameworks/Security.framework/Versions/A/Security
0x00007fff919ee000 	/System/Library/Frameworks/ApplicationServices.framework/Versions/A/ApplicationServices
0x00007fff8c546000 	/usr/lib/libz.1.dylib
0x00007fff8c0ee000 	/usr/lib/libSystem.B.dylib
0x00007fff89069000 	/usr/lib/libobjc.A.dylib
0x00007fff94174000 	/System/Library/Frameworks/CoreFoundation.framework/Versions/A/CoreFoundation
0x00007fff94fd3000 	/System/Library/Frameworks/Foundation.framework/Versions/C/Foundation
0x00007fff91ce0000 	/System/Library/Frameworks/AppKit.framework/Versions/C/AppKit
0x00007fff8958e000 	/System/Library/Frameworks/CoreData.framework/Versions/A/CoreData
0x00007fff9493b000 	/System/Library/PrivateFrameworks/RemoteViewServices.framework/Versions/A/RemoteViewServices
0x00007fff8d072000 	/System/Library/Frameworks/AudioToolbox.framework/Versions/A/AudioToolbox
0x00007fff9493a000 	/System/Library/Frameworks/AudioUnit.framework/Versions/A/AudioUnit
0x00007fff897eb000 	/System/Library/PrivateFrameworks/DataDetectorsCore.framework/Versions/A/DataDetectorsCore
0x00007fff90802000 	/System/Library/PrivateFrameworks/DesktopServicesPriv.framework/Versions/A/DesktopServicesPriv
0x00007fff94a89000 	/System/Library/Frameworks/Carbon.framework/Versions/A/Frameworks/HIToolbox.framework/Versions/A/HIToolbox
0x00007fff93fae000 	/System/Library/Frameworks/QuartzCore.framework/Versions/A/QuartzCore
0x00007fff929df000 	/System/Library/Frameworks/Carbon.framework/Versions/A/Frameworks/SpeechRecognition.framework/Versions/A/SpeechRecognition
0x00007fff90c46000 	/usr/lib/libauto.dylib
0x00007fff89a31000 	/usr/lib/libicucore.A.dylib
0x00007fff90fa2000 	/usr/lib/libxml2.2.dylib
0x00007fff94855000 	/System/Library/PrivateFrameworks/CoreUI.framework/Versions/A/CoreUI
0x00007fff93021000 	/System/Library/Frameworks/CoreAudio.framework/Versions/A/CoreAudio
0x00007fff8d06c000 	/System/Library/Frameworks/DiskArbitration.framework/Versions/A/DiskArbitration
0x00007fff8b3a0000 	/usr/lib/liblangid.dylib
0x00007fff8e4f7000 	/System/Library/PrivateFrameworks/MultitouchSupport.framework/Versions/A/MultitouchSupport
0x00007fff95ae5000 	/System/Library/Frameworks/IOKit.framework/Versions/A/IOKit
0x00007fff8d031000 	/usr/lib/libDiagnosticMessagesClient.dylib
0x00007fff90654000 	/System/Library/Frameworks/CoreServices.framework/Versions/A/CoreServices
0x00007fff9499e000 	/System/Library/PrivateFrameworks/PerformanceAnalysis.framework/Versions/A/PerformanceAnalysis
0x00007fff94488000 	/System/Library/PrivateFrameworks/GenerationalStorage.framework/Versions/A/GenerationalStorage
0x00007fff95ac3000 	/System/Library/Frameworks/OpenGL.framework/Versions/A/OpenGL
0x00007fff953ee000 	/System/Library/PrivateFrameworks/Sharing.framework/Versions/A/Sharing
0x00007fff87eab000 	/System/Library/Frameworks/ImageIO.framework/Versions/A/ImageIO
0x00007fff94d34000 	/System/Library/Frameworks/CoreText.framework/Versions/A/CoreText
0x00007fff8e519000 	/System/Library/Frameworks/CoreGraphics.framework/Versions/A/CoreGraphics
0x00007fff909be000 	/System/Library/PrivateFrameworks/Backup.framework/Versions/A/Backup
0x00007fff8ee5e000 	/System/Library/Frameworks/CFNetwork.framework/Versions/A/CFNetwork
0x00007fff8a0b4000 	/System/Library/Frameworks/SystemConfiguration.framework/Versions/A/SystemConfiguration
0x00007fff944a1000 	/usr/lib/libCRFSuite.dylib
0x00007fff8e498000 	/usr/lib/libc++.1.dylib
0x00007fff88143000 	/usr/lib/libc++abi.dylib
0x00007fff89f49000 	/usr/lib/system/libcache.dylib
0x00007fff91a10000 	/usr/lib/system/libcommonCrypto.dylib
0x00007fff944ff000 	/usr/lib/system/libcompiler_rt.dylib
0x00007fff8fe4f000 	/usr/lib/system/libcopyfile.dylib
0x00007fff94e2d000 	/usr/lib/system/libcorecrypto.dylib
0x00007fff8ee43000 	/usr/lib/system/libdispatch.dylib
0x00007fff9298d000 	/usr/lib/system/libdyld.dylib
0x00007fff94360000 	/usr/lib/system/libkeymgr.dylib
0x00007fff8c064000 	/usr/lib/system/liblaunch.dylib
0x00007fff953a0000 	/usr/lib/system/libmacho.dylib
0x00007fff8d534000 	/usr/lib/system/libquarantine.dylib
0x00007fff93cda000 	/usr/lib/system/libremovefile.dylib
0x00007fff90f4d000 	/usr/lib/system/libsystem_asl.dylib
0x00007fff90241000 	/usr/lib/system/libsystem_blocks.dylib
0x00007fff94ebf000 	/usr/lib/system/libsystem_c.dylib
0x00007fff90368000 	/usr/lib/system/libsystem_configuration.dylib
0x00007fff8e4eb000 	/usr/lib/system/libsystem_dnssd.dylib
0x00007fff87e7a000 	/usr/lib/system/libsystem_info.dylib
0x00007fff93926000 	/usr/lib/system/libsystem_kernel.dylib
0x00007fff88cdc000 	/usr/lib/system/libsystem_m.dylib
0x00007fff92b2c000 	/usr/lib/system/libsystem_malloc.dylib
0x00007fff92ad3000 	/usr/lib/system/libsystem_network.dylib
0x00007fff90f43000 	/usr/lib/system/libsystem_notify.dylib
0x00007fff949e0000 	/usr/lib/system/libsystem_platform.dylib
0x00007fff87fb3000 	/usr/lib/system/libsystem_pthread.dylib
0x00007fff90be5000 	/usr/lib/system/libsystem_sandbox.dylib
0x00007fff90a83000 	/usr/lib/system/libsystem_stats.dylib
0x00007fff89f47000 	/usr/lib/system/libunc.dylib
0x00007fff90779000 	/usr/lib/system/libunwind.dylib
0x00007fff902c5000 	/usr/lib/system/libxpc.dylib
0x00007fff89017000 	/usr/lib/libbsm.0.dylib
0x00007fff8bf79000 	/usr/lib/libsqlite3.dylib
0x00007fff95b52000 	/usr/lib/libxar.1.dylib
0x00007fff8c4a1000 	/usr/lib/libpam.2.dylib
0x00007fff930fc000 	/usr/lib/libOpenScriptingUtil.dylib
0x00007fff90bd7000 	/usr/lib/libbz2.1.0.dylib
0x00007fff8d23f000 	/System/Library/Frameworks/CoreServices.framework/Versions/A/Frameworks/CarbonCore.framework/Versions/A/CarbonCore
0x00007fff89950000 	/System/Library/Frameworks/CoreServices.framework/Versions/A/Frameworks/Metadata.framework/Versions/A/Metadata
0x00007fff94507000 	/System/Library/Frameworks/CoreServices.framework/Versions/A/Frameworks/OSServices.framework/Versions/A/OSServices
0x00007fff8f901000 	/System/Library/Frameworks/CoreServices.framework/Versions/A/Frameworks/SearchKit.framework/Versions/A/SearchKit
0x00007fff95342000 	/System/Library/Frameworks/CoreServices.framework/Versions/A/Frameworks/AE.framework/Versions/A/AE
0x00007fff8ad56000 	/System/Library/Frameworks/CoreServices.framework/Versions/A/Frameworks/LaunchServices.framework/Versions/A/LaunchServices
0x00007fff94974000 	/System/Library/Frameworks/CoreServices.framework/Versions/A/Frameworks/DictionaryServices.framework/Versions/A/DictionaryServices
0x00007fff89f52000 	/System/Library/Frameworks/NetFS.framework/Versions/A/NetFS
0x00007fff93073000 	/usr/lib/system/libkxld.dylib
0x00007fff8a2ae000 	/System/Library/PrivateFrameworks/NetAuth.framework/Versions/A/NetAuth
0x00007fff8b506000 	/System/Library/PrivateFrameworks/TCC.framework/Versions/A/TCC
0x00007fff89028000 	/System/Library/Frameworks/OpenDirectory.framework/Versions/A/Frameworks/CFOpenDirectory.framework/Versions/A/CFOpenDirectory
0x00007fff92f20000 	/System/Library/Frameworks/ServiceManagement.framework/Versions/A/ServiceManagement
0x00007fff89040000 	/usr/lib/libxslt.1.dylib
0x00007fff92a3a000 	/System/Library/Frameworks/Carbon.framework/Versions/A/Frameworks/Ink.framework/Versions/A/Ink
0x00007fff952d4000 	/System/Library/Frameworks/ApplicationServices.framework/Versions/A/Frameworks/ATS.framework/Versions/A/ATS
0x00007fff94f49000 	/System/Library/Frameworks/ApplicationServices.framework/Versions/A/Frameworks/ColorSync.framework/Versions/A/ColorSync
0x00007fff94361000 	/System/Library/Frameworks/ApplicationServices.framework/Versions/A/Frameworks/HIServices.framework/Versions/A/HIServices
0x00007fff8b38d000 	/System/Library/Frameworks/ApplicationServices.framework/Versions/A/Frameworks/LangAnalysis.framework/Versions/A/LangAnalysis
0x00007fff92991000 	/System/Library/Frameworks/ApplicationServices.framework/Versions/A/Frameworks/PrintCore.framework/Versions/A/PrintCore
0x00007fff8d59f000 	/System/Library/Frameworks/ApplicationServices.framework/Versions/A/Frameworks/QD.framework/Versions/A/QD
0x00007fff8b4fc000 	/System/Library/Frameworks/ApplicationServices.framework/Versions/A/Frameworks/SpeechSynthesis.framework/Versions/A/SpeechSynthesis
0x00007fff89f4e000 	/System/Library/Frameworks/IOSurface.framework/Versions/A/IOSurface
0x00007fff92f8b000 	/System/Library/Frameworks/Accelerate.framework/Versions/A/Accelerate
0x00007fff8b596000 	/System/Library/Frameworks/Accelerate.framework/Versions/A/Frameworks/vImage.framework/Versions/A/vImage
0x00007fff9435f000 	/System/Library/Frameworks/Accelerate.framework/Versions/A/Frameworks/vecLib.framework/Versions/A/vecLib
0x00007fff9457f000 	/System/Library/Frameworks/Accelerate.framework/Versions/A/Frameworks/vecLib.framework/Versions/A/libvDSP.dylib
0x00007fff894b0000 	/System/Library/Frameworks/Accelerate.framework/Versions/A/Frameworks/vecLib.framework/Versions/A/libvMisc.dylib
0x00007fff8fe57000 	/System/Library/Frameworks/Accelerate.framework/Versions/A/Frameworks/vecLib.framework/Versions/A/libLAPACK.dylib
0x00007fff953fc000 	/System/Library/Frameworks/Accelerate.framework/Versions/A/Frameworks/vecLib.framework/Versions/A/libBLAS.dylib
0x00007fff89855000 	/System/Library/Frameworks/ApplicationServices.framework/Versions/A/Frameworks/ATS.framework/Versions/A/Resources/libFontParser.dylib
0x00007fff9077f000 	/System/Library/Frameworks/ApplicationServices.framework/Versions/A/Frameworks/ATS.framework/Versions/A/Resources/libFontRegistry.dylib
0x00007fff8c4d1000 	/System/Library/Frameworks/ImageIO.framework/Versions/A/Resources/libJPEG.dylib
0x00007fff8a1c2000 	/System/Library/Frameworks/ImageIO.framework/Versions/A/Resources/libTIFF.dylib
0x00007fff8a473000 	/System/Library/Frameworks/ImageIO.framework/Versions/A/Resources/libPng.dylib
0x00007fff8c3b1000 	/System/Library/Frameworks/ImageIO.framework/Versions/A/Resources/libGIF.dylib
0x00007fff89f97000 	/System/Library/Frameworks/ImageIO.framework/Versions/A/Resources/libJP2.dylib
0x00007fff90bd4000 	/System/Library/Frameworks/ImageIO.framework/Versions/A/Resources/libRadiance.dylib
0x00007fff953a6000 	/usr/lib/libcups.2.dylib
0x00007fff8cffa000 	/System/Library/Frameworks/Kerberos.framework/Versions/A/Kerberos
0x00007fff89f67000 	/System/Library/Frameworks/GSS.framework/Versions/A/GSS
0x00007fff89cc0000 	/usr/lib/libresolv.9.dylib
0x00007fff8b29b000 	/usr/lib/libiconv.2.dylib
0x00007fff8f88d000 	/System/Library/PrivateFrameworks/Heimdal.framework/Versions/A/Heimdal
0x00007fff9539e000 	/System/Library/PrivateFrameworks/TrustEvaluationAgent.framework/Versions/A/TrustEvaluationAgent
0x00007fff90f5f000 	/usr/lib/libheimdal-asn1.dylib
0x00007fff90f95000 	/System/Library/Frameworks/OpenDirectory.framework/Versions/A/OpenDirectory
0x00007fff8cd48000 	/System/Library/PrivateFrameworks/CommonAuth.framework/Versions/A/CommonAuth
0x00007fff93088000 	/System/Library/Frameworks/SecurityFoundation.framework/Versions/A/SecurityFoundation
0x00007fff8816e000 	/System/Library/PrivateFrameworks/Bom.framework/Versions/A/Bom
0x00007fff89cdd000 	/System/Library/Frameworks/CoreVideo.framework/Versions/A/CoreVideo
0x00007fff8ca76000 	/System/Library/Frameworks/QuartzCore.framework/Versions/A/Frameworks/CoreImage.framework/Versions/A/CoreImage
0x00007fff8bf00000 	/System/Library/Frameworks/QuartzCore.framework/Versions/A/Frameworks/ScalableUserInterface.framework/Versions/A/ScalableUserInterface
0x00007fff90b42000 	/System/Library/Frameworks/OpenGL.framework/Versions/A/Libraries/libGLU.dylib
0x00007fff8f8f3000 	/System/Library/Frameworks/OpenGL.framework/Versions/A/Libraries/libGFXShared.dylib
0x00007fff91c93000 	/System/Library/Frameworks/OpenGL.framework/Versions/A/Libraries/libGL.dylib
0x00007fff89c81000 	/System/Library/Frameworks/OpenGL.framework/Versions/A/Libraries/libGLImage.dylib
0x00007fff8d54f000 	/System/Library/Frameworks/OpenGL.framework/Versions/A/Libraries/libCVMSPluginSupport.dylib
0x00007fff89a2d000 	/System/Library/Frameworks/OpenGL.framework/Versions/A/Libraries/libCoreVMClient.dylib
0x00007fff95656000 	/System/Library/PrivateFrameworks/FaceCore.framework/Versions/A/FaceCore
0x00007fff8d05e000 	/System/Library/PrivateFrameworks/CrashReporterSupport.framework/Versions/A/CrashReporterSupport
0x00007fff8c622000 	/System/Library/Frameworks/OpenCL.framework/Versions/A/OpenCL
0x00007fff8f96f000 	/System/Library/PrivateFrameworks/AppleFSCompression.framework/Versions/A/AppleFSCompression
0x00007fff90b96000 	/System/Library/PrivateFrameworks/Ubiquity.framework/Versions/A/Ubiquity
0x00007fff90f64000 	/System/Library/PrivateFrameworks/IconServices.framework/Versions/A/IconServices
0x00007fff90978000 	/System/Library/PrivateFrameworks/ChunkingLibrary.framework/Versions/A/ChunkingLibrary
0x00007fff90243000 	/System/Library/PrivateFrameworks/CoreSymbolication.framework/Versions/A/CoreSymbolication
0x00007fff92f2b000 	/System/Library/PrivateFrameworks/Symbolication.framework/Versions/A/Symbolication
0x00007fff8809d000 	/System/Library/PrivateFrameworks/DebugSymbols.framework/Versions/A/DebugSymbols
0x000000010a8cf000 	/Library/Java/JavaVirtualMachines/jdk1.8.0_181.jdk/Contents/Home/jre/lib/server/libjvm.dylib
0x00007fff8a7c6000 	/usr/lib/libstdc++.6.dylib
0x000000010b99c000 	/Library/Java/JavaVirtualMachines/jdk1.8.0_181.jdk/Contents/Home/jre/lib/libverify.dylib
0x000000010b9aa000 	/Library/Java/JavaVirtualMachines/jdk1.8.0_181.jdk/Contents/Home/jre/lib/libjava.dylib
0x000000010b9ea000 	/Library/Java/JavaVirtualMachines/jdk1.8.0_181.jdk/Contents/Home/jre/lib/libzip.dylib
0x00000001209cf000 	/Library/Java/JavaVirtualMachines/jdk1.8.0_181.jdk/Contents/Home/jre/lib/libmanagement.dylib
0x00000001209dd000 	/Library/Java/JavaVirtualMachines/jdk1.8.0_181.jdk/Contents/Home/jre/lib/libnet.dylib
0x0000000120a3c000 	/Library/Java/JavaVirtualMachines/jdk1.8.0_181.jdk/Contents/Home/jre/lib/libnio.dylib
0x0000000121871000 	/Library/Java/JavaVirtualMachines/jdk1.8.0_181.jdk/Contents/Home/jre/lib/libawt.dylib
0x000000012191b000 	/Library/Java/JavaVirtualMachines/jdk1.8.0_181.jdk/Contents/Home/jre/lib/./libmlib_image.dylib
0x00000001219e7000 	/System/Library/Frameworks/JavaVM.framework/Versions/A/Frameworks/JavaNativeFoundation.framework/Versions/A/JavaNativeFoundation
0x00000001219fb000 	/System/Library/Frameworks/JavaVM.framework/Versions/A/Frameworks/JavaRuntimeSupport.framework/Versions/A/JavaRuntimeSupport
0x0000000121a13000 	/System/Library/Frameworks/JavaVM.framework/Versions/A/JavaVM
0x0000000121a1f000 	/System/Library/PrivateFrameworks/JavaLaunching.framework/Versions/A/JavaLaunching
0x00007fff8816d000 	/System/Library/Frameworks/Carbon.framework/Versions/A/Carbon
0x00007fff89850000 	/System/Library/Frameworks/Carbon.framework/Versions/A/Frameworks/CommonPanels.framework/Versions/A/CommonPanels
0x00007fff8d59b000 	/System/Library/Frameworks/Carbon.framework/Versions/A/Frameworks/Help.framework/Versions/A/Help
0x00007fff95ad2000 	/System/Library/Frameworks/Carbon.framework/Versions/A/Frameworks/ImageCapture.framework/Versions/A/ImageCapture
0x00007fff885b4000 	/System/Library/Frameworks/Carbon.framework/Versions/A/Frameworks/OpenScripting.framework/Versions/A/OpenScripting
0x00007fff8c0f0000 	/System/Library/Frameworks/Carbon.framework/Versions/A/Frameworks/Print.framework/Versions/A/Print
0x00007fff8c676000 	/System/Library/Frameworks/Carbon.framework/Versions/A/Frameworks/SecurityHI.framework/Versions/A/SecurityHI
0x0000000121a2a000 	/Library/Java/JavaVirtualMachines/jdk1.8.0_181.jdk/Contents/Home/jre/lib/libawt_lwawt.dylib
0x0000000121ae4000 	/Library/Java/JavaVirtualMachines/jdk1.8.0_181.jdk/Contents/Home/jre/lib/./libosxapp.dylib
0x00007fff95ac0000 	/System/Library/Frameworks/ExceptionHandling.framework/Versions/A/ExceptionHandling
0x00007fff89561000 	/System/Library/PrivateFrameworks/CoreServicesInternal.framework/Versions/A/CoreServicesInternal
0x00007fff92857000 	/System/Library/PrivateFrameworks/Librarian.framework/Versions/A/Librarian
0x00007fff8b3fa000 	/System/Library/Frameworks/CoreGraphics.framework/Versions/A/Resources/libCGCMS.A.dylib
0x00007fff946f5000 	/System/Library/Frameworks/CoreGraphics.framework/Versions/A/Resources/libRIP.A.dylib
0x00007fff8faea000 	/System/Library/Frameworks/CoreGraphics.framework/Versions/A/Resources/libCGXType.A.dylib
0x00007fff929e8000 	/System/Library/PrivateFrameworks/FamilyControls.framework/Versions/A/FamilyControls
0x00007fff8e50a000 	/System/Library/PrivateFrameworks/CommerceKit.framework/Versions/A/Frameworks/CommerceCore.framework/Versions/A/CommerceCore
0x00007fff92a0d000 	/System/Library/PrivateFrameworks/SystemAdministration.framework/Versions/A/SystemAdministration
0x00007fff9111e000 	/System/Library/Frameworks/DirectoryService.framework/Versions/A/DirectoryService
0x00007fff928bb000 	/System/Library/PrivateFrameworks/DiskImages.framework/Versions/A/DiskImages
0x00007fff894ac000 	/System/Library/PrivateFrameworks/LoginUIKit.framework/Versions/A/Frameworks/LoginUICore.framework/Versions/A/LoginUICore
0x00007fff90ab6000 	/usr/lib/libCoreStorage.dylib
0x00007fff8f882000 	/usr/lib/libcsfde.dylib
0x00007fff8bf54000 	/usr/lib/libodfde.dylib
0x00007fff8c3e8000 	/System/Library/Frameworks/DiscRecording.framework/Versions/A/DiscRecording
0x00007fff8c0f9000 	/usr/lib/libcurl.4.dylib
0x00007fff8d5d9000 	/System/Library/PrivateFrameworks/MediaKit.framework/Versions/A/MediaKit
0x00007fff8853c000 	/System/Library/PrivateFrameworks/EFILogin.framework/Versions/A/EFILogin
0x00007fff8b39d000 	/usr/lib/libutil.dylib
0x00007fff8c0f2000 	/System/Library/PrivateFrameworks/AOSNotification.framework/Versions/A/AOSNotification
0x00007fff87fbb000 	/System/Library/Frameworks/LDAP.framework/Versions/A/LDAP
0x00007fff89d03000 	/usr/lib/libsasl2.2.dylib
0x00007fff89e69000 	/usr/lib/libcrypto.0.9.8.dylib
0x00007fff95a8a000 	/usr/lib/libssl.0.9.8.dylib
0x0000000125a77000 	/Library/Java/JavaVirtualMachines/jdk1.8.0_181.jdk/Contents/Home/jre/lib/libfontmanager.dylib
0x0000000125ce8000 	/Users/bhaskarkoukuntla/Desktop/mcp908/jars/versions/1.7.10/1.7.10-natives/liblwjgl.jnilib
0x00000001240b6000 	/Library/Java/JavaVirtualMachines/jdk1.8.0_181.jdk/Contents/Home/jre/lib/libjawt.dylib
0x00007fff90487000 	/System/Library/Frameworks/OpenGL.framework/Versions/A/Resources/GLEngine.bundle/GLEngine
0x00007fff8bd99000 	/System/Library/Frameworks/OpenGL.framework/Versions/A/Libraries/libGLProgrammability.dylib
0x000000012616d000 	/System/Library/Extensions/AppleIntelHD5000GraphicsGLDriver.bundle/Contents/MacOS/AppleIntelHD5000GraphicsGLDriver
0x00007fff8f8fc000 	/System/Library/PrivateFrameworks/IOAccelerator.framework/Versions/A/IOAccelerator
0x00007fff89267000 	/System/Library/PrivateFrameworks/GPUSupport.framework/Versions/A/Libraries/libGPUSupportMercury.dylib
0x00007fff9062a000 	/System/Library/Frameworks/OpenGL.framework/Versions/A/Resources/GLRendererFloat.bundle/GLRendererFloat
0x00007fff92ac7000 	/System/Library/Frameworks/OpenCL.framework/Versions/A/Libraries/libcldcpuengine.dylib
0x0000000120caa000 	cl_kernels
0x0000000127096000 	/System/Library/Frameworks/OpenCL.framework/Versions/A/Libraries/ImageFormats/unorm8_bgra.dylib
0x0000000120c9b000 	cl_kernels
0x0000000127666000 	/Users/bhaskarkoukuntla/Desktop/mcp908/jars/versions/1.7.10/1.7.10-natives/libtwitchsdk.dylib
0x00007fff8f9c7000 	/System/Library/Frameworks/AVFoundation.framework/Versions/A/AVFoundation
0x00007fff9072f000 	/System/Library/Frameworks/CoreMedia.framework/Versions/A/CoreMedia
0x00007fff8a22a000 	/System/Library/Frameworks/AVFoundation.framework/Versions/A/Resources/libAVFAudio.dylib
0x00007fff8a48f000 	/System/Library/Frameworks/MediaToolbox.framework/Versions/A/MediaToolbox
0x00007fff934d7000 	/System/Library/Frameworks/VideoToolbox.framework/Versions/A/VideoToolbox
0x00007fff8d1c7000 	/System/Library/Frameworks/CoreMediaIO.framework/Versions/A/CoreMediaIO
0x00007fff89000000 	/System/Library/PrivateFrameworks/CoreMediaAuthoring.framework/Versions/A/CoreMediaAuthoring
0x00007fff881aa000 	/System/Library/PrivateFrameworks/MediaControlSender.framework/Versions/A/MediaControlSender
0x00007fff90c89000 	/System/Library/PrivateFrameworks/CoreAVCHD.framework/Versions/A/CoreAVCHD
0x00007fff94eb9000 	/System/Library/Frameworks/MediaAccessibility.framework/Versions/A/MediaAccessibility
0x00007fff8d23c000 	/System/Library/PrivateFrameworks/Mangrove.framework/Versions/A/Mangrove
0x00007fff92b48000 	/System/Library/PrivateFrameworks/CoreAUC.framework/Versions/A/CoreAUC
0x00007fff8b494000 	/System/Library/PrivateFrameworks/Apple80211.framework/Versions/A/Apple80211
0x00007fff9307f000 	/System/Library/PrivateFrameworks/AppleSRP.framework/Versions/A/AppleSRP
0x00007fff955ee000 	/System/Library/PrivateFrameworks/CoreUtils.framework/Versions/A/CoreUtils
0x00007fff943a7000 	/System/Library/Frameworks/CoreWLAN.framework/Versions/A/CoreWLAN
0x00007fff8d033000 	/usr/lib/libpcap.A.dylib
0x00007fff94417000 	/System/Library/Frameworks/CoreWiFi.framework/Versions/A/CoreWiFi
0x00007fff8c4f8000 	/System/Library/PrivateFrameworks/AppleVA.framework/Versions/A/AppleVA
0x00007fff91a1b000 	/System/Library/PrivateFrameworks/XPCService.framework/Versions/A/XPCService
0x00007fff8d544000 	/System/Library/PrivateFrameworks/AppSandbox.framework/Versions/A/AppSandbox
0x00007fff8a086000 	/usr/lib/libsandbox.1.dylib
0x00007fff897d7000 	/System/Library/PrivateFrameworks/AppContainer.framework/Versions/A/AppContainer
0x00007fff92f88000 	/System/Library/PrivateFrameworks/SecCodeWrapper.framework/Versions/A/SecCodeWrapper
0x00007fff907df000 	/usr/lib/libMatch.1.dylib
0x00000001290d6000 	/Users/bhaskarkoukuntla/Desktop/mcp908/jars/versions/1.7.10/1.7.10-natives/openal.dylib
0x0000000129159000 	/System/Library/Components/CoreAudio.component/Contents/MacOS/CoreAudio
0x0000000120cd8000 	/System/Library/Extensions/AppleHDA.kext/Contents/PlugIns/AppleHDAHALPlugIn.bundle/Contents/MacOS/AppleHDAHALPlugIn

VM Arguments:
jvm_args: -Xincgc -Xmx1024M -Xms1024M -Djava.library.path=/Users/bhaskarkoukuntla/Desktop/mcp908/jars/versions/1.7.10/1.7.10-natives -Dfile.encoding=UTF-8 
java_command: Start
java_class_path (initial): /Users/bhaskarkoukuntla/Desktop/mcp908/eclipse/Client/bin:/Users/bhaskarkoukuntla/Desktop/mcp908/jars/versions/1.7.10/1.7.10.jar:/Users/bhaskarkoukuntla/Desktop/mcp908/jars/libraries/org/apache/commons/commons-compress/1.8.1/commons-compress-1.8.1.jar:/Users/bhaskarkoukuntla/Desktop/mcp908/jars/libraries/org/apache/httpcomponents/httpclient/4.3.3/httpclient-4.3.3.jar:/Users/bhaskarkoukuntla/Desktop/mcp908/jars/libraries/commons-logging/commons-logging/1.1.3/commons-logging-1.1.3.jar:/Users/bhaskarkoukuntla/Desktop/mcp908/jars/libraries/org/apache/httpcomponents/httpcore/4.3.2/httpcore-4.3.2.jar:/Users/bhaskarkoukuntla/Desktop/mcp908/jars/libraries/java3d/vecmath/1.3.1/vecmath-1.3.1.jar:/Users/bhaskarkoukuntla/Desktop/mcp908/jars/libraries/net/sf/trove4j/trove4j/3.0.3/trove4j-3.0.3.jar:/Users/bhaskarkoukuntla/Desktop/mcp908/jars/libraries/com/ibm/icu/icu4j-core-mojang/51.2/icu4j-core-mojang-51.2.jar:/Users/bhaskarkoukuntla/Desktop/mcp908/jars/libraries/net/sf/jopt-simple/jopt-simple/4.5/jopt-simple-4.5.jar:/Users/bhaskarkoukuntla/Desktop/mcp908/jars/libraries/com/paulscode/codecjorbis/20101023/codecjorbis-20101023.jar:/Users/bhaskarkoukuntla/Desktop/mcp908/jars/libraries/com/paulscode/codecwav/20101023/codecwav-20101023.jar:/Users/bhaskarkoukuntla/Desktop/mcp908/jars/libraries/com/paulscode/libraryjavasound/20101123/libraryjavasound-20101123.jar:/Users/bhaskarkoukuntla/Desktop/mcp908/jars/libraries/com/paulscode/librarylwjglopenal/20100824/librarylwjglopenal-20100824.jar:/Users/bhaskarkoukuntla/Desktop/mcp908/jars/libraries/com/paulscode/soundsystem/20120107/soundsystem-20120107.jar:/Users/bhaskarkoukuntla/Desktop/mcp908/jars/libraries/io/netty/netty-all/4.0.10.Final/netty-all-4.0.10.Final.jar:/Users/bhaskarkoukuntla/Desktop/mcp908/jars/libraries/com/google/guava/guava/15.0/guava-15.0.jar:/Users/bhaskarkoukuntla/Desktop/mcp908/jars/libraries/org/apache/commons/commons-lang3/3.1/commons-lang3-3.1.jar:/Users/bhaskarkoukuntla/Desktop/mcp908/
Launcher Type: SUN_STANDARD

Environment Variables:
PATH=/usr/bin:/bin:/usr/sbin:/sbin
SHELL=/bin/bash

Signal Handlers:
SIGSEGV: [libjvm.dylib+0x5b6029], sa_mask[0]=11111111011111110111111111111111, sa_flags=SA_ONSTACK|SA_RESTART|SA_SIGINFO
SIGBUS: [libjvm.dylib+0x5b6029], sa_mask[0]=11111111011111110111111111111111, sa_flags=SA_RESTART|SA_SIGINFO
SIGFPE: [libjvm.dylib+0x48b934], sa_mask[0]=11111111011111110111111111111111, sa_flags=SA_RESTART|SA_SIGINFO
SIGPIPE: [libjvm.dylib+0x48b934], sa_mask[0]=11111111011111110111111111111111, sa_flags=SA_RESTART|SA_SIGINFO
SIGXFSZ: [libjvm.dylib+0x48b934], sa_mask[0]=11111111011111110111111111111111, sa_flags=SA_RESTART|SA_SIGINFO
SIGILL: [libjvm.dylib+0x48b934], sa_mask[0]=11111111011111110111111111111111, sa_flags=SA_RESTART|SA_SIGINFO
SIGUSR1: SIG_DFL, sa_mask[0]=00000000000000000000000000000000, sa_flags=SA_RESTART
SIGUSR2: [libjvm.dylib+0x48b452], sa_mask[0]=00100000000000000000000000000000, sa_flags=SA_RESTART|SA_SIGINFO
SIGHUP: [libjvm.dylib+0x489a1d], sa_mask[0]=11111111011111110111111111111111, sa_flags=SA_RESTART|SA_SIGINFO
SIGINT: [libjvm.dylib+0x489a1d], sa_mask[0]=11111111011111110111111111111111, sa_flags=SA_RESTART|SA_SIGINFO
SIGTERM: [libjvm.dylib+0x489a1d], sa_mask[0]=11111111011111110111111111111111, sa_flags=SA_RESTART|SA_SIGINFO
SIGQUIT: [libjvm.dylib+0x489a1d], sa_mask[0]=11111111011111110111111111111111, sa_flags=SA_RESTART|SA_SIGINFO


---------------  S Y S T E M  ---------------

OS:Bsduname:Darwin 13.4.0 Darwin Kernel Version 13.4.0: Mon Jan 11 18:17:34 PST 2016; root:xnu-2422.115.15~1/RELEASE_X86_64 x86_64
rlimit: STACK 8192k, CORE 0k, NPROC 709, NOFILE 10240, AS infinity
load average:7.60 5.76 4.10

CPU:total 4 (initial active 4) (2 cores per cpu, 2 threads per core) family 6 model 69 stepping 1, cmov, cx8, fxsr, mmx, sse, sse2, sse3, ssse3, sse4.1, sse4.2, popcnt, avx, avx2, aes, clmul, erms, lzcnt, ht, tsc, tscinvbit, bmi1, bmi2

Memory: 4k page, physical 4194304k(16936k free)

/proc/meminfo:


vm_info: Java HotSpot(TM) 64-Bit Server VM (25.181-b13) for bsd-amd64 JRE (1.8.0_181-b13), built on Jul  7 2018 01:02:31 by "java_re" with gcc 4.2.1 (Based on Apple Inc. build 5658) (LLVM build 2336.11.00)

time: Thu Jul 11 16:01:10 2019
elapsed time: 18 seconds (0d 0h 0m 18s)

